TN:
SF:src/App.tsx
FN:1,(empty-report)
FNF:1
FNH:0
FNDA:0,(empty-report)
DA:1,0
DA:2,0
DA:3,0
DA:4,0
DA:5,0
DA:6,0
DA:7,0
DA:8,0
DA:9,0
DA:10,0
DA:11,0
DA:12,0
DA:14,0
DA:15,0
DA:17,0
DA:18,0
DA:19,0
DA:21,0
DA:23,0
DA:25,0
DA:26,0
DA:27,0
DA:29,0
DA:30,0
DA:31,0
DA:33,0
DA:34,0
DA:35,0
DA:36,0
DA:37,0
DA:39,0
DA:40,0
DA:41,0
DA:42,0
DA:43,0
DA:44,0
DA:45,0
DA:46,0
DA:47,0
DA:49,0
DA:50,0
DA:51,0
DA:53,0
DA:54,0
DA:55,0
DA:56,0
DA:58,0
DA:59,0
DA:60,0
DA:61,0
DA:62,0
DA:64,0
DA:65,0
DA:66,0
DA:67,0
DA:68,0
DA:69,0
DA:70,0
DA:71,0
DA:72,0
DA:74,0
DA:75,0
DA:76,0
DA:77,0
DA:79,0
DA:81,0
DA:82,0
DA:83,0
DA:84,0
DA:85,0
DA:86,0
DA:87,0
DA:89,0
DA:90,0
DA:91,0
DA:92,0
DA:94,0
DA:96,0
LF:78
LH:0
BRDA:1,0,0,0
BRF:1
BRH:0
end_of_record
TN:
SF:src/main.tsx
FN:1,(empty-report)
FNF:1
FNH:0
FNDA:0,(empty-report)
DA:1,0
DA:2,0
DA:3,0
DA:4,0
DA:6,0
DA:7,0
DA:8,0
DA:9,0
DA:10,0
LF:9
LH:0
BRDA:1,0,0,0
BRF:1
BRH:0
end_of_record
TN:
SF:src/ai/botRunner.ts
FN:15,<instance_members_initializer>
FN:18,BotRunner
FN:28,playTurn
FN:75,sleep
FNF:4
FNH:4
FNDA:18,<instance_members_initializer>
FNDA:18,BotRunner
FNDA:25,playTurn
FNDA:19,sleep
DA:6,1
DA:14,1
DA:15,1
DA:16,18
DA:18,1
DA:19,18
DA:20,18
DA:21,18
DA:28,1
DA:29,25
DA:30,25
DA:31,25
DA:32,25
DA:33,25
DA:36,25
DA:38,25
DA:39,1
DA:40,1
DA:43,24
DA:46,23
DA:47,23
DA:48,23
DA:50,25
DA:51,1
DA:52,1
DA:53,1
DA:54,1
DA:56,22
DA:57,22
DA:60,22
DA:63,25
DA:64,18
DA:65,18
DA:67,22
DA:68,22
DA:69,22
DA:70,22
DA:71,22
DA:72,22
DA:73,25
DA:75,1
DA:76,19
DA:77,19
DA:78,1
LF:44
LH:44
BRDA:15,0,0,18
BRDA:18,1,0,18
BRDA:28,2,0,25
BRDA:38,3,0,1
BRDA:40,4,0,24
BRDA:43,5,0,23
BRDA:50,6,0,1
BRDA:54,7,0,22
BRDA:63,8,0,18
BRDA:65,9,0,22
BRDA:47,10,0,76
BRDA:47,11,0,22
BRDA:75,12,0,19
BRDA:76,13,0,19
BRF:14
BRH:14
end_of_record
TN:
SF:src/ai/config.ts
FN:114,<static_initializer>
FN:115,<instance_members_initializer>
FN:117,AiConfigManager
FN:121,getInstance
FN:131,getConfig
FN:138,updateConfig
FN:145,resetToDefaults
FN:152,createProfileFromDifficulty
FN:169,getProfile
FN:176,getAvailableProfiles
FN:183,validateConfig
FN:199,getAiConfig
FN:200,updateAiConfig
FNF:13
FNH:10
FNDA:1,<static_initializer>
FNDA:1,<instance_members_initializer>
FNDA:1,AiConfigManager
FNDA:4,getInstance
FNDA:3,getConfig
FNDA:1,updateConfig
FNDA:1,resetToDefaults
FNDA:0,createProfileFromDifficulty
FNDA:2,getProfile
FNDA:1,getAvailableProfiles
FNDA:3,validateConfig
FNDA:0,getAiConfig
FNDA:0,updateAiConfig
DA:9,1
DA:39,1
DA:41,1
DA:42,1
DA:43,1
DA:46,1
DA:47,1
DA:50,1
DA:51,1
DA:52,1
DA:53,1
DA:56,1
DA:58,1
DA:59,1
DA:60,1
DA:61,1
DA:62,1
DA:63,1
DA:64,1
DA:67,1
DA:68,1
DA:69,1
DA:70,1
DA:71,1
DA:72,1
DA:73,1
DA:76,1
DA:77,1
DA:78,1
DA:79,1
DA:80,1
DA:81,1
DA:82,1
DA:85,1
DA:86,1
DA:87,1
DA:88,1
DA:89,1
DA:90,1
DA:91,1
DA:94,1
DA:95,1
DA:96,1
DA:97,1
DA:98,1
DA:99,1
DA:100,1
DA:103,1
DA:104,1
DA:105,1
DA:106,1
DA:107,1
DA:108,1
DA:109,1
DA:110,1
DA:113,1
DA:114,1
DA:115,1
DA:117,1
DA:118,1
DA:119,1
DA:121,1
DA:122,4
DA:123,1
DA:124,1
DA:125,4
DA:126,4
DA:131,1
DA:132,3
DA:133,3
DA:138,1
DA:139,1
DA:140,1
DA:145,1
DA:146,1
DA:147,1
DA:152,1
DA:153,0
DA:154,0
DA:155,0
DA:157,0
DA:158,0
DA:159,0
DA:160,0
DA:161,0
DA:162,0
DA:163,0
DA:164,0
DA:169,1
DA:170,2
DA:171,2
DA:176,1
DA:177,1
DA:178,1
DA:183,1
DA:184,3
DA:186,3
DA:187,1
DA:188,1
DA:190,3
DA:191,1
DA:192,1
DA:194,3
DA:195,3
DA:196,1
DA:199,1
DA:200,1
DA:201,0
DA:204,1
LF:109
LH:97
BRDA:114,0,0,1
BRDA:115,1,0,1
BRDA:117,2,0,1
BRDA:121,3,0,4
BRDA:122,4,0,1
BRDA:131,5,0,3
BRDA:138,6,0,1
BRDA:145,7,0,1
BRDA:169,8,0,2
BRDA:170,9,0,1
BRDA:176,10,0,1
BRDA:183,11,0,3
BRDA:186,12,0,1
BRDA:190,13,0,1
BRF:14
BRH:14
end_of_record
TN:
SF:src/ai/constants.ts
FNF:0
FNH:0
DA:9,1
DA:11,1
DA:12,1
DA:13,1
DA:16,1
DA:17,1
DA:20,1
DA:21,1
DA:22,1
DA:23,1
DA:26,1
DA:28,1
DA:31,1
DA:32,1
DA:33,1
DA:36,1
DA:37,1
DA:38,1
DA:41,1
DA:43,1
DA:44,1
DA:45,1
DA:46,1
DA:49,1
DA:50,1
DA:51,1
DA:54,1
DA:55,1
DA:56,1
DA:59,1
DA:61,1
DA:62,1
DA:63,1
DA:66,1
DA:67,1
DA:68,1
DA:71,1
DA:72,1
DA:73,1
DA:76,1
DA:78,1
DA:79,1
DA:82,1
DA:83,1
DA:86,1
DA:88,1
DA:89,1
DA:92,1
DA:93,1
DA:96,1
DA:97,1
DA:98,1
DA:101,1
DA:102,1
DA:103,1
DA:104,1
DA:105,1
DA:106,1
DA:107,1
DA:108,1
DA:109,1
DA:110,1
DA:111,1
DA:112,1
DA:113,1
DA:114,1
DA:115,1
DA:116,1
DA:117,1
DA:118,1
DA:119,1
DA:120,1
DA:121,1
DA:122,1
DA:123,1
DA:124,1
DA:125,1
DA:126,1
DA:127,1
DA:128,1
DA:129,1
DA:130,1
DA:131,1
DA:132,1
DA:135,1
DA:136,1
DA:137,1
DA:138,1
DA:139,1
DA:140,1
DA:141,1
DA:142,1
DA:143,1
DA:144,1
DA:145,1
DA:146,1
DA:147,1
DA:148,1
DA:149,1
DA:150,1
DA:151,1
DA:152,1
DA:153,1
DA:154,1
DA:155,1
DA:156,1
DA:157,1
DA:158,1
DA:159,1
DA:160,1
DA:163,1
DA:164,1
DA:165,1
DA:166,1
DA:167,1
DA:168,1
DA:169,1
DA:170,1
DA:171,1
DA:172,1
DA:173,1
DA:174,1
DA:175,1
DA:176,1
DA:177,1
DA:178,1
DA:179,1
DA:180,1
DA:181,1
DA:182,1
DA:183,1
DA:184,1
DA:185,1
DA:186,1
DA:187,1
DA:188,1
DA:189,1
DA:190,1
DA:191,1
DA:192,1
LF:140
LH:140
BRF:0
BRH:0
end_of_record
TN:
SF:src/ai/defaultBot.ts
FN:18,<instance_members_initializer>
FN:22,decideMove
FN:55,evaluateMove
FN:118,calculateThreatBonus
FNF:4
FNH:4
FNDA:27,<instance_members_initializer>
FNDA:16,decideMove
FNDA:387,evaluateMove
FNDA:387,calculateThreatBonus
DA:14,1
DA:17,1
DA:18,1
DA:20,27
DA:22,1
DA:23,16
DA:24,1
DA:25,1
DA:27,16
DA:28,2
DA:29,2
DA:32,13
DA:33,372
DA:34,372
DA:35,13
DA:38,13
DA:40,13
DA:41,16
DA:55,1
DA:56,387
DA:58,387
DA:59,387
DA:62,387
DA:63,387
DA:66,387
DA:67,6
DA:70,6
DA:71,6
DA:73,6
DA:75,6
DA:78,6
DA:79,6
DA:80,6
DA:81,6
DA:82,6
DA:83,6
DA:84,6
DA:85,6
DA:86,6
DA:87,6
DA:89,0
DA:90,0
DA:91,6
DA:93,0
DA:94,0
DA:95,6
DA:98,387
DA:99,32
DA:100,387
DA:101,116
DA:102,116
DA:105,387
DA:106,387
DA:107,387
DA:108,387
DA:109,387
DA:110,387
DA:112,387
DA:113,387
DA:118,1
DA:119,387
DA:120,387
DA:121,387
DA:122,387
DA:123,387
DA:124,387
DA:125,387
DA:126,387
DA:127,387
DA:128,387
DA:129,387
DA:130,387
DA:132,387
DA:133,1548
DA:134,1548
DA:136,1548
DA:137,1548
DA:138,1489
DA:139,1444
DA:140,1399
DA:141,1548
DA:142,1368
DA:143,1368
DA:145,37
DA:146,37
DA:147,1368
DA:148,1548
DA:150,387
DA:151,387
DA:152,1
LF:90
LH:86
BRDA:18,0,0,27
BRDA:22,1,0,16
BRDA:23,2,0,1
BRDA:25,3,0,15
BRDA:27,4,0,2
BRDA:29,5,0,13
BRDA:32,6,0,372
BRDA:38,7,0,1418
BRDA:55,8,0,387
BRDA:66,9,0,6
BRDA:87,10,0,0
BRDA:91,11,0,0
BRDA:98,12,0,32
BRDA:100,13,0,355
BRDA:100,14,0,116
BRDA:118,15,0,387
BRDA:132,16,0,1548
BRDA:137,17,0,1489
BRDA:138,18,0,1444
BRDA:139,19,0,1399
BRDA:141,20,0,1368
BRDA:143,21,0,72
BRDA:143,22,0,37
BRF:23
BRH:21
end_of_record
TN:
SF:src/ai/monteCarloBot.ts
FN:27,<instance_members_initializer>
FN:32,decideMove
FN:55,runMCTS
FN:93,selectNode
FN:103,expandNode
FN:130,simulateGame
FN:158,backpropagate
FN:170,selectBestChild
FN:197,selectBestMove
FN:222,evaluateMove
FNF:10
FNH:10
FNDA:12,<instance_members_initializer>
FNDA:10,decideMove
FNDA:8,runMCTS
FNDA:69111,selectNode
FNDA:69111,expandNode
FNDA:69111,simulateGame
FNDA:69111,backpropagate
FNDA:69090,selectBestChild
FNDA:8,selectBestMove
FNDA:69111,evaluateMove
DA:14,1
DA:26,1
DA:27,1
DA:29,12
DA:30,12
DA:32,1
DA:33,10
DA:34,10
DA:35,10
DA:36,10
DA:37,10
DA:38,1
DA:39,1
DA:41,10
DA:42,1
DA:43,1
DA:45,10
DA:46,10
DA:48,10
DA:49,10
DA:50,10
DA:55,1
DA:56,8
DA:57,8
DA:58,8
DA:59,8
DA:60,8
DA:61,8
DA:62,8
DA:65,8
DA:66,8
DA:67,8
DA:68,8
DA:69,8
DA:70,8
DA:71,8
DA:72,8
DA:74,8
DA:77,8
DA:79,69111
DA:80,69111
DA:81,69111
DA:82,69111
DA:83,69111
DA:84,69111
DA:87,8
DA:88,8
DA:93,1
DA:94,69111
DA:95,69090
DA:96,69090
DA:97,69111
DA:98,69111
DA:103,1
DA:104,69111
DA:105,69111
DA:106,69111
DA:107,69111
DA:108,69111
DA:109,21
DA:110,21
DA:112,21
DA:113,21
DA:114,21
DA:115,21
DA:116,21
DA:117,21
DA:118,21
DA:119,21
DA:121,21
DA:122,21
DA:123,21
DA:124,69090
DA:125,69111
DA:130,1
DA:131,69111
DA:132,69111
DA:133,69111
DA:134,69111
DA:135,69111
DA:136,0
DA:137,0
DA:141,69111
DA:145,69111
DA:146,69111
DA:147,69111
DA:148,69111
DA:151,69111
DA:152,69111
DA:153,69111
DA:158,1
DA:159,69111
DA:160,69111
DA:161,138222
DA:162,138222
DA:163,138222
DA:164,138222
DA:165,69111
DA:170,1
DA:171,69090
DA:172,69090
DA:174,69090
DA:175,188163
DA:176,0
DA:177,0
DA:180,188163
DA:181,188163
DA:182,188163
DA:183,188163
DA:185,188163
DA:186,128892
DA:187,128892
DA:188,128892
DA:189,188163
DA:191,69090
DA:192,69090
DA:197,1
DA:198,8
DA:199,0
DA:200,0
DA:202,8
DA:203,8
DA:205,8
DA:206,21
DA:207,7
DA:208,7
DA:209,7
DA:210,21
DA:212,8
DA:213,0
DA:214,0
DA:216,8
DA:217,8
DA:222,1
DA:223,69111
DA:224,69111
DA:227,69111
DA:228,69111
DA:229,69111
DA:232,69111
DA:233,19604
DA:234,19604
DA:235,19604
DA:238,69111
DA:239,69111
DA:240,8078
DA:241,8078
DA:242,1716
DA:245,69111
DA:246,19604
DA:247,19604
DA:250,69111
DA:251,69111
DA:252,69111
DA:253,69111
DA:254,69111
DA:256,69111
DA:257,69111
DA:258,1
LF:159
LH:151
BRDA:27,0,0,12
BRDA:32,1,0,10
BRDA:37,2,0,1
BRDA:39,3,0,9
BRDA:41,4,0,1
BRDA:43,5,0,8
BRDA:45,6,0,1
BRDA:46,7,0,1
BRDA:55,8,0,8
BRDA:77,9,0,69117
BRDA:77,10,0,69111
BRDA:93,11,0,69111
BRDA:94,12,0,138180
BRDA:94,13,0,69090
BRDA:103,14,0,69111
BRDA:108,15,0,21
BRDA:123,16,0,69090
BRDA:130,17,0,69111
BRDA:135,18,0,0
BRDA:158,19,0,69111
BRDA:160,20,0,138222
BRDA:170,21,0,69090
BRDA:174,22,0,188163
BRDA:175,23,0,0
BRDA:185,24,0,128892
BRDA:197,25,0,8
BRDA:198,26,0,0
BRDA:205,27,0,21
BRDA:206,28,0,7
BRDA:212,29,0,0
BRDA:222,30,0,69111
BRDA:232,31,0,19604
BRDA:239,32,0,61033
BRDA:239,33,0,8078
BRDA:241,34,0,6362
BRDA:241,35,0,1716
BRDA:245,36,0,19604
BRF:37
BRH:33
end_of_record
TN:
SF:src/ai/randomBot.ts
FN:16,<instance_members_initializer>
FN:18,decideMove
FNF:2
FNH:2
FNDA:9,<instance_members_initializer>
FNDA:27,decideMove
DA:15,1
DA:16,1
DA:18,1
DA:19,27
DA:20,27
DA:21,27
DA:22,27
DA:23,27
DA:24,1
DA:25,1
DA:27,27
DA:28,1
DA:29,1
DA:32,27
DA:33,27
DA:35,27
DA:36,27
DA:37,1
LF:18
LH:18
BRDA:16,0,0,9
BRDA:18,1,0,27
BRDA:23,2,0,1
BRDA:25,3,0,26
BRDA:27,4,0,1
BRDA:29,5,0,25
BRDA:32,6,0,1
BRF:7
BRH:7
end_of_record
TN:
SF:src/ai/registry.ts
FN:23,create
FN:30,create
FN:37,create
FN:44,create
FN:54,createAiStrategy
FN:69,getAvailableStrategies
FN:76,getStrategyInfo
FN:87,isStrategyAvailable
FN:101,getStrategyDisplay
FN:111,getStrategiesByDifficulty
FN:128,getRecommendedStrategy
FNF:11
FNH:8
FNDA:2,create
FNDA:2,create
FNDA:2,create
FNDA:2,create
FNDA:5,createAiStrategy
FNDA:1,getAvailableStrategies
FNDA:5,getStrategyInfo
FNDA:4,isStrategyAvailable
FNDA:0,getStrategyDisplay
FNDA:0,getStrategiesByDifficulty
FNDA:0,getRecommendedStrategy
DA:9,1
DA:10,1
DA:11,1
DA:12,1
DA:13,1
DA:21,1
DA:22,1
DA:23,1
DA:24,1
DA:25,1
DA:26,1
DA:27,1
DA:29,1
DA:30,1
DA:31,1
DA:32,1
DA:33,1
DA:34,1
DA:36,1
DA:37,1
DA:38,1
DA:39,1
DA:40,1
DA:41,1
DA:43,1
DA:44,1
DA:45,1
DA:46,1
DA:47,1
DA:48,1
DA:49,1
DA:54,1
DA:55,5
DA:56,5
DA:57,5
DA:58,5
DA:59,5
DA:60,1
DA:61,1
DA:63,4
DA:64,4
DA:69,1
DA:70,1
DA:71,1
DA:76,1
DA:77,5
DA:78,5
DA:79,1
DA:80,1
DA:81,4
DA:82,4
DA:87,1
DA:88,4
DA:89,4
DA:91,4
DA:92,4
DA:93,4
DA:94,0
DA:95,0
DA:96,4
DA:101,1
DA:102,0
DA:103,0
DA:104,0
DA:105,0
DA:106,0
DA:111,1
DA:112,0
DA:113,0
DA:114,0
DA:115,0
DA:116,0
DA:118,0
DA:119,0
DA:120,0
DA:122,0
DA:123,0
DA:128,1
DA:129,0
DA:130,0
DA:131,0
DA:132,0
DA:134,0
DA:135,0
DA:136,0
DA:139,0
DA:140,0
LF:87
LH:61
BRDA:23,0,0,2
BRDA:30,1,0,2
BRDA:37,2,0,2
BRDA:44,3,0,2
BRDA:54,4,0,5
BRDA:59,5,0,1
BRDA:61,6,0,4
BRDA:69,7,0,1
BRDA:76,8,0,5
BRDA:78,9,0,1
BRDA:80,10,0,4
BRDA:87,11,0,4
BRDA:93,12,0,0
BRF:13
BRH:12
end_of_record
TN:
SF:src/ai/rng.ts
FN:6,createSeededRng
FN:9,mulberry32
FN:21,createFixedRng
FN:34,shuffle
FN:48,randomChoice
FNF:5
FNH:5
FNDA:44,createSeededRng
FNDA:59168,mulberry32
FNDA:2,createFixedRng
FNDA:3,shuffle
FNDA:3,randomChoice
DA:6,1
DA:7,44
DA:9,44
DA:10,59168
DA:11,59168
DA:12,59168
DA:13,59168
DA:14,59168
DA:15,44
DA:21,1
DA:22,2
DA:24,2
DA:25,6
DA:26,6
DA:27,6
DA:28,6
DA:29,2
DA:34,1
DA:35,3
DA:37,3
DA:38,4
DA:39,4
DA:40,4
DA:42,3
DA:43,3
DA:48,1
DA:49,3
DA:50,1
DA:51,1
DA:53,2
DA:54,2
DA:55,2
LF:32
LH:32
BRDA:6,0,0,44
BRDA:9,1,0,59168
BRDA:21,2,0,2
BRDA:24,3,0,6
BRDA:34,4,0,3
BRDA:37,5,0,4
BRDA:48,6,0,3
BRDA:49,7,0,1
BRDA:51,8,0,2
BRF:9
BRH:9
end_of_record
TN:
SF:src/ai/triggerBot.ts
FN:17,<instance_members_initializer>
FN:21,decideMove
FN:50,findExplosiveMoves
FN:68,selectBestExplosiveMove
FN:100,selectBestBuildupMove
FN:114,calculateBuildupScore
FN:146,calculatePositionValue
FN:158,calculateThreatValue
FN:193,calculatePostExplosionAdvantage
FNF:9
FNH:9
FNDA:8,<instance_members_initializer>
FNDA:5,decideMove
FNDA:3,findExplosiveMoves
FNDA:2,selectBestExplosiveMove
FNDA:1,selectBestBuildupMove
FNDA:2,calculateBuildupScore
FNDA:4,calculatePositionValue
FNDA:2,calculateThreatValue
FNDA:2,calculatePostExplosionAdvantage
DA:13,1
DA:16,1
DA:17,1
DA:19,8
DA:21,1
DA:22,5
DA:23,5
DA:25,5
DA:26,5
DA:27,5
DA:28,1
DA:29,1
DA:31,5
DA:32,1
DA:33,1
DA:36,3
DA:38,5
DA:40,2
DA:41,2
DA:44,1
DA:45,5
DA:50,1
DA:51,3
DA:53,3
DA:54,8
DA:55,8
DA:57,8
DA:58,2
DA:59,2
DA:60,8
DA:62,3
DA:63,3
DA:68,1
DA:69,2
DA:70,2
DA:71,2
DA:72,2
DA:73,2
DA:74,2
DA:75,2
DA:76,2
DA:77,2
DA:78,2
DA:80,2
DA:81,2
DA:82,2
DA:83,2
DA:85,2
DA:86,2
DA:87,2
DA:88,2
DA:89,2
DA:90,2
DA:93,2
DA:94,2
DA:95,2
DA:100,1
DA:101,1
DA:102,2
DA:103,2
DA:104,1
DA:107,1
DA:108,1
DA:109,1
DA:114,1
DA:115,2
DA:116,2
DA:118,2
DA:121,2
DA:122,2
DA:125,2
DA:126,0
DA:127,0
DA:130,2
DA:133,2
DA:134,1
DA:135,1
DA:138,2
DA:140,2
DA:141,2
DA:146,1
DA:147,4
DA:150,4
DA:151,4
DA:152,2
DA:153,4
DA:158,1
DA:159,2
DA:160,2
DA:161,2
DA:162,2
DA:163,2
DA:164,2
DA:165,2
DA:167,2
DA:168,8
DA:169,8
DA:171,8
DA:172,8
DA:173,8
DA:174,8
DA:175,8
DA:176,8
DA:177,8
DA:179,8
DA:181,0
DA:182,0
DA:183,0
DA:184,8
DA:185,8
DA:187,2
DA:188,2
DA:193,1
DA:194,2
DA:195,2
DA:196,2
DA:197,2
DA:198,2
DA:199,2
DA:200,2
DA:201,2
DA:204,2
DA:205,2
DA:206,2
DA:207,2
DA:208,2
DA:209,2
DA:210,2
DA:213,0
DA:214,2
DA:215,1
LF:131
LH:125
BRDA:17,0,0,8
BRDA:21,1,0,5
BRDA:27,2,0,1
BRDA:29,3,0,4
BRDA:31,4,0,1
BRDA:33,5,0,3
BRDA:38,6,0,2
BRDA:41,7,0,1
BRDA:50,8,0,3
BRDA:53,9,0,8
BRDA:57,10,0,2
BRDA:68,11,0,2
BRDA:72,12,0,2
BRDA:100,13,0,1
BRDA:101,14,0,2
BRDA:107,15,0,1
BRDA:114,16,0,2
BRDA:125,17,0,0
BRDA:133,18,0,1
BRDA:146,19,0,4
BRDA:150,20,0,2
BRDA:151,21,0,0
BRDA:151,22,0,2
BRDA:158,23,0,2
BRDA:167,24,0,8
BRDA:179,25,0,0
BRDA:179,26,0,0
BRDA:193,27,0,2
BRDA:210,28,0,0
BRF:29
BRH:24
end_of_record
TN:
SF:src/ai/types.ts
FN:1,(empty-report)
FNF:1
FNH:1
FNDA:1,(empty-report)
LF:0
LH:0
BRDA:1,0,0,1
BRF:1
BRH:1
end_of_record
TN:
SF:src/context/GameContext.tsx
FN:31,GameProvider
FNF:1
FNH:0
FNDA:0,GameProvider
DA:2,1
DA:5,1
DA:6,1
DA:23,1
DA:24,1
DA:25,1
DA:31,1
DA:32,0
DA:33,0
DA:34,0
DA:35,0
DA:38,0
DA:39,0
DA:40,0
DA:41,0
DA:42,0
DA:43,0
DA:44,0
DA:45,0
DA:46,0
DA:47,0
DA:48,0
DA:49,0
DA:50,0
DA:53,0
DA:54,0
DA:55,0
DA:56,0
DA:57,0
DA:58,0
DA:59,0
DA:60,0
DA:62,0
DA:63,0
DA:66,0
DA:69,0
DA:71,0
DA:72,0
DA:73,0
DA:74,0
DA:75,0
DA:76,0
DA:77,0
DA:78,0
DA:79,0
DA:80,0
DA:81,0
DA:84,0
DA:85,0
DA:88,0
DA:89,0
DA:90,0
DA:93,0
DA:94,0
DA:95,0
DA:96,0
DA:97,0
DA:98,0
DA:99,0
DA:100,0
DA:102,0
DA:105,0
DA:106,0
DA:107,0
DA:108,0
DA:111,0
DA:112,0
DA:113,0
DA:116,0
DA:118,0
DA:119,0
DA:122,0
DA:123,0
DA:124,0
DA:125,0
DA:127,0
DA:128,0
DA:129,0
DA:130,0
DA:131,0
DA:132,0
DA:133,0
DA:135,0
DA:137,0
DA:138,0
DA:139,0
DA:140,0
DA:141,0
DA:142,0
DA:143,0
DA:144,0
DA:145,0
DA:146,0
DA:149,0
DA:150,0
DA:151,0
DA:154,0
DA:155,0
DA:156,0
DA:159,0
DA:160,0
DA:161,0
DA:164,0
DA:165,0
DA:166,0
DA:168,0
DA:169,0
DA:170,0
DA:171,0
DA:172,0
DA:173,0
DA:174,0
DA:175,0
DA:176,0
DA:177,0
DA:178,0
DA:179,0
DA:180,0
DA:181,0
DA:183,0
DA:184,0
DA:186,0
LF:122
LH:7
BRF:0
BRH:0
end_of_record
TN:
SF:src/context/index.ts
FN:1,(empty-report)
FNF:1
FNH:0
FNDA:0,(empty-report)
DA:1,0
DA:2,0
LF:2
LH:0
BRDA:1,0,0,0
BRF:1
BRH:0
end_of_record
TN:
SF:src/context/useGameContext.ts
FN:5,useGameContext
FNF:1
FNH:0
FNDA:0,useGameContext
DA:1,1
DA:2,1
DA:5,1
DA:6,0
DA:7,0
DA:8,0
DA:9,0
DA:10,0
DA:11,0
LF:9
LH:3
BRF:0
BRH:0
end_of_record
TN:
SF:src/core/engineSimple.ts
FN:17,getValidPositions
FN:39,getLegalMoves
FN:62,getAdjacentPositions
FN:95,cloneBoard
FN:117,applyMove
FN:130,getExplodingCells
FN:150,processExplosionStep
FN:180,simulateChain
FN:247,calculateBoardAdvantage
FN:268,playerHasOrbs
FNF:10
FNH:9
FNDA:30,getValidPositions
FNDA:30,getLegalMoves
FNDA:58423,getAdjacentPositions
FNDA:78034,cloneBoard
FNDA:19612,applyMove
FNDA:78034,getExplodingCells
FNDA:58422,processExplosionStep
FNDA:19612,simulateChain
FNDA:69127,calculateBoardAdvantage
FNDA:0,playerHasOrbs
DA:10,1
DA:13,1
DA:17,1
DA:18,30
DA:19,30
DA:20,30
DA:21,30
DA:23,30
DA:24,183
DA:25,1683
DA:27,1683
DA:28,1573
DA:29,1573
DA:30,1683
DA:31,183
DA:33,30
DA:34,30
DA:39,1
DA:41,30
DA:42,0
DA:43,0
DA:45,30
DA:46,30
DA:47,0
DA:48,0
DA:50,30
DA:52,30
DA:53,1573
DA:54,1573
DA:55,1573
DA:56,30
DA:57,30
DA:62,1
DA:63,58423
DA:64,58423
DA:65,58423
DA:66,58423
DA:67,58423
DA:68,58423
DA:69,58423
DA:70,58423
DA:71,58423
DA:72,58423
DA:73,58423
DA:75,58423
DA:76,233692
DA:77,233692
DA:79,233692
DA:80,233692
DA:81,194678
DA:82,194677
DA:83,155663
DA:84,233692
DA:85,155663
DA:86,155663
DA:87,233692
DA:89,58423
DA:90,58423
DA:95,1
DA:96,78034
DA:97,78034
DA:98,78034
DA:99,78034
DA:100,312164
DA:101,1249076
DA:102,1249076
DA:103,1249076
DA:104,1249076
DA:105,1249076
DA:106,1249076
DA:107,1249076
DA:108,1249076
DA:109,312164
DA:110,78034
DA:111,78034
DA:112,78034
DA:117,1
DA:118,19612
DA:119,19612
DA:121,19612
DA:122,19612
DA:124,19612
DA:125,19612
DA:130,1
DA:131,78034
DA:132,78034
DA:133,78034
DA:135,78034
DA:136,312164
DA:137,1249076
DA:138,1249076
DA:139,58423
DA:140,58423
DA:141,1249076
DA:142,312164
DA:144,78034
DA:145,78034
DA:150,1
DA:151,58422
DA:152,58422
DA:153,58422
DA:154,58422
DA:157,58422
DA:158,58423
DA:159,58423
DA:160,58423
DA:161,58423
DA:164,58422
DA:165,58423
DA:167,58423
DA:168,155663
DA:169,155663
DA:170,155663
DA:171,155663
DA:172,58423
DA:174,58422
DA:175,58422
DA:180,1
DA:181,19612
DA:182,19612
DA:183,19612
DA:184,19612
DA:185,19612
DA:192,19612
DA:195,19612
DA:196,19612
DA:197,19612
DA:198,19612
DA:199,19612
DA:200,19612
DA:201,19612
DA:202,19612
DA:203,19612
DA:206,19612
DA:207,78034
DA:209,78034
DA:210,19612
DA:211,19612
DA:213,58422
DA:214,58422
DA:217,58422
DA:218,58422
DA:221,58428
DA:222,58423
DA:223,58423
DA:225,58423
DA:226,58423
DA:227,58423
DA:228,58423
DA:229,58423
DA:230,58423
DA:231,58423
DA:232,58423
DA:233,58423
DA:234,58422
DA:236,19612
DA:237,19612
DA:238,19612
DA:239,19612
DA:240,19612
DA:241,19612
DA:242,19612
DA:247,1
DA:248,69127
DA:249,69127
DA:251,69127
DA:252,276532
DA:253,1106488
DA:254,1106488
DA:255,30091
DA:256,1106488
DA:257,20053
DA:258,20053
DA:259,1106488
DA:260,276532
DA:262,69127
DA:263,69127
DA:268,1
DA:269,0
DA:270,0
DA:271,0
DA:272,0
DA:273,0
DA:274,0
DA:275,0
DA:276,0
DA:277,0
DA:278,0
DA:279,1
LF:189
LH:175
BRDA:17,0,0,30
BRDA:23,1,0,183
BRDA:24,2,0,1683
BRDA:27,3,0,120
BRDA:27,4,0,1573
BRDA:39,5,0,30
BRDA:41,6,0,0
BRDA:46,7,0,0
BRDA:52,8,0,1573
BRDA:62,9,0,58423
BRDA:75,10,0,233692
BRDA:80,11,0,194678
BRDA:81,12,0,194677
BRDA:82,13,0,155663
BRDA:84,14,0,155663
BRDA:95,15,0,78034
BRDA:99,16,0,312164
BRDA:100,17,0,1249076
BRDA:117,18,0,19612
BRDA:130,19,0,78034
BRDA:135,20,0,312164
BRDA:136,21,0,1249076
BRDA:138,22,0,58423
BRDA:138,23,0,58423
BRDA:150,24,0,58422
BRDA:157,25,0,58423
BRDA:164,26,0,58423
BRDA:167,27,0,155663
BRDA:180,28,0,19612
BRDA:206,29,0,78034
BRDA:209,30,0,78032
BRDA:209,31,0,19612
BRDA:211,32,0,58428
BRDA:211,33,0,58422
BRDA:221,34,0,58423
BRDA:233,35,0,58422
BRDA:247,36,0,69127
BRDA:251,37,0,276532
BRDA:252,38,0,1106488
BRDA:254,39,0,30091
BRDA:256,40,0,1076397
BRDA:256,41,0,20053
BRF:42
BRH:40
end_of_record
TN:
SF:src/core/types.ts
FN:1,(empty-report)
FNF:1
FNH:1
FNDA:1,(empty-report)
LF:0
LH:0
BRDA:1,0,0,1
BRF:1
BRH:1
end_of_record
TN:
SF:src/hooks/index.ts
FN:1,(empty-report)
FNF:1
FNH:0
FNDA:0,(empty-report)
DA:1,0
DA:2,0
DA:3,0
DA:4,0
DA:5,0
DA:6,0
DA:7,0
DA:8,0
LF:8
LH:0
BRDA:1,0,0,0
BRF:1
BRH:0
end_of_record
TN:
SF:src/hooks/useAiTurn.ts
FN:15,useAiTurn
FNF:1
FNH:0
FNDA:0,useAiTurn
DA:8,1
DA:9,1
DA:10,1
DA:12,1
DA:13,1
DA:15,1
DA:16,0
DA:18,0
DA:19,0
DA:22,0
DA:25,0
DA:26,0
DA:28,0
DA:29,0
DA:30,0
DA:31,0
DA:33,0
DA:34,0
DA:36,0
DA:38,0
DA:39,0
DA:40,0
DA:41,0
DA:44,0
DA:45,0
DA:47,0
DA:48,0
DA:49,0
DA:50,0
DA:51,0
DA:52,0
DA:53,0
DA:56,0
DA:57,0
DA:58,0
DA:59,0
DA:61,0
DA:62,0
DA:63,0
DA:66,0
DA:67,0
DA:68,0
DA:69,0
DA:70,0
DA:73,0
DA:74,0
DA:75,0
DA:76,0
DA:79,0
DA:80,0
DA:81,0
DA:83,0
DA:84,0
DA:85,0
DA:86,0
DA:87,0
DA:90,0
DA:91,0
DA:92,0
DA:93,0
DA:95,0
DA:96,0
DA:97,0
DA:98,0
DA:99,0
DA:100,0
DA:101,0
DA:102,0
DA:103,0
DA:104,0
DA:105,0
DA:107,0
DA:108,0
DA:109,0
DA:110,0
DA:113,0
DA:114,0
DA:115,0
DA:116,0
DA:117,0
DA:119,0
DA:120,0
DA:121,0
DA:122,0
DA:123,0
DA:124,0
DA:125,0
DA:126,0
DA:127,0
DA:129,0
DA:131,0
DA:132,0
DA:133,0
DA:134,0
DA:135,0
DA:138,0
DA:139,0
DA:140,0
DA:141,0
DA:142,0
DA:143,0
DA:144,0
DA:145,0
DA:146,0
DA:147,0
DA:148,0
DA:149,0
DA:152,0
DA:153,0
DA:154,0
DA:155,0
DA:156,0
DA:157,0
DA:158,0
DA:159,0
DA:160,0
DA:163,0
DA:164,0
DA:167,0
DA:169,0
DA:170,0
DA:171,0
DA:172,0
DA:173,0
DA:174,0
DA:176,0
DA:177,0
DA:178,0
DA:179,0
DA:180,0
DA:181,0
DA:182,0
DA:183,0
DA:184,0
DA:185,0
DA:186,0
DA:188,0
DA:189,0
DA:190,0
DA:191,0
DA:192,0
DA:193,0
LF:142
LH:6
BRF:0
BRH:0
end_of_record
TN:
SF:src/hooks/useAudioManager.ts
FN:1,(empty-report)
FNF:1
FNH:0
FNDA:0,(empty-report)
DA:1,0
DA:2,0
DA:3,0
DA:30,0
DA:31,0
DA:32,0
DA:35,0
DA:36,0
DA:37,0
DA:38,0
DA:39,0
DA:40,0
DA:41,0
DA:42,0
DA:43,0
DA:45,0
DA:46,0
DA:49,0
DA:50,0
DA:51,0
DA:54,0
DA:55,0
DA:56,0
DA:58,0
DA:59,0
DA:60,0
DA:61,0
DA:63,0
DA:64,0
DA:65,0
DA:67,0
DA:68,0
DA:69,0
DA:70,0
DA:71,0
DA:72,0
DA:75,0
DA:76,0
DA:77,0
DA:79,0
DA:80,0
DA:81,0
DA:83,0
DA:84,0
DA:85,0
DA:87,0
DA:88,0
DA:89,0
DA:91,0
DA:92,0
DA:93,0
DA:95,0
DA:96,0
DA:97,0
DA:99,0
DA:100,0
DA:101,0
DA:103,0
DA:104,0
DA:105,0
DA:107,0
DA:108,0
DA:109,0
DA:111,0
DA:112,0
DA:113,0
DA:115,0
DA:116,0
DA:117,0
DA:119,0
DA:120,0
DA:121,0
DA:122,0
DA:123,0
DA:124,0
DA:125,0
DA:126,0
DA:127,0
DA:128,0
DA:129,0
DA:130,0
DA:131,0
DA:132,0
LF:83
LH:0
BRDA:1,0,0,0
BRF:1
BRH:0
end_of_record
TN:
SF:src/hooks/useCriticalMassDetection.ts
FN:1,(empty-report)
FNF:1
FNH:0
FNDA:0,(empty-report)
DA:1,0
DA:2,0
DA:3,0
DA:35,0
DA:36,0
DA:37,0
DA:38,0
DA:41,0
DA:42,0
DA:43,0
DA:44,0
DA:47,0
DA:48,0
DA:49,0
DA:52,0
DA:53,0
DA:54,0
DA:57,0
DA:58,0
DA:59,0
DA:60,0
DA:63,0
DA:64,0
DA:65,0
DA:66,0
DA:69,0
DA:70,0
DA:71,0
DA:73,0
DA:74,0
DA:75,0
DA:77,0
DA:78,0
DA:79,0
DA:81,0
DA:82,0
DA:83,0
DA:84,0
DA:85,0
DA:86,0
DA:87,0
DA:88,0
DA:91,0
DA:92,0
DA:93,0
DA:96,0
DA:97,0
DA:98,0
DA:99,0
DA:100,0
DA:101,0
DA:102,0
DA:103,0
DA:104,0
DA:105,0
DA:106,0
DA:107,0
DA:108,0
DA:109,0
DA:110,0
DA:113,0
DA:114,0
DA:115,0
DA:116,0
DA:117,0
DA:118,0
DA:119,0
DA:120,0
DA:121,0
DA:122,0
DA:123,0
DA:124,0
DA:125,0
DA:126,0
DA:127,0
DA:128,0
DA:129,0
DA:130,0
DA:131,0
DA:132,0
DA:133,0
DA:136,0
DA:137,0
DA:138,0
DA:139,0
DA:140,0
DA:141,0
DA:142,0
DA:143,0
DA:144,0
DA:145,0
DA:146,0
DA:149,0
DA:150,0
DA:151,0
DA:152,0
DA:153,0
DA:154,0
DA:155,0
DA:156,0
DA:157,0
DA:158,0
DA:159,0
DA:160,0
DA:161,0
DA:162,0
DA:163,0
DA:164,0
DA:166,0
DA:167,0
DA:168,0
DA:169,0
DA:170,0
DA:171,0
DA:172,0
DA:173,0
DA:174,0
DA:175,0
DA:176,0
DA:177,0
DA:178,0
DA:179,0
DA:180,0
DA:181,0
DA:184,0
DA:185,0
DA:186,0
DA:188,0
DA:189,0
DA:190,0
DA:192,0
DA:193,0
DA:194,0
DA:195,0
DA:196,0
DA:199,0
DA:200,0
DA:201,0
DA:204,0
DA:205,0
DA:206,0
DA:207,0
DA:208,0
DA:209,0
DA:210,0
DA:211,0
DA:212,0
DA:213,0
DA:215,0
DA:216,0
DA:219,0
DA:220,0
DA:221,0
DA:222,0
DA:223,0
DA:224,0
DA:227,0
DA:228,0
DA:229,0
DA:230,0
DA:231,0
DA:232,0
DA:235,0
DA:236,0
DA:237,0
DA:239,0
DA:240,0
DA:241,0
DA:242,0
DA:243,0
DA:244,0
DA:245,0
DA:246,0
DA:247,0
DA:248,0
DA:249,0
DA:250,0
DA:253,0
DA:254,0
DA:255,0
DA:256,0
DA:259,0
DA:260,0
DA:261,0
DA:262,0
DA:263,0
DA:266,0
DA:267,0
DA:268,0
DA:271,0
DA:272,0
DA:273,0
DA:276,0
DA:277,0
DA:278,0
DA:280,0
DA:281,0
DA:282,0
DA:284,0
DA:285,0
DA:286,0
DA:288,0
DA:289,0
DA:290,0
DA:291,0
DA:292,0
DA:293,0
DA:295,0
DA:296,0
DA:297,0
DA:298,0
DA:301,0
DA:302,0
DA:303,0
DA:305,0
DA:306,0
DA:307,0
DA:308,0
DA:309,0
DA:310,0
DA:312,0
DA:313,0
DA:314,0
DA:316,0
DA:318,0
DA:319,0
DA:320,0
DA:321,0
DA:322,0
DA:323,0
DA:324,0
DA:325,0
DA:326,0
DA:329,0
DA:330,0
DA:331,0
DA:332,0
DA:335,0
DA:336,0
DA:337,0
DA:338,0
DA:339,0
DA:342,0
DA:343,0
DA:344,0
DA:345,0
DA:346,0
DA:347,0
DA:348,0
LF:249
LH:0
BRDA:1,0,0,0
BRF:1
BRH:0
end_of_record
TN:
SF:src/hooks/useGameLogic.ts
FN:1,(empty-report)
FNF:1
FNH:0
FNDA:0,(empty-report)
DA:1,0
DA:2,0
DA:3,0
DA:12,0
DA:13,0
DA:16,0
DA:17,0
DA:18,0
DA:19,0
DA:20,0
DA:21,0
DA:24,0
DA:25,0
DA:26,0
DA:27,0
DA:29,0
DA:31,0
DA:32,0
DA:33,0
DA:34,0
DA:35,0
DA:36,0
DA:37,0
DA:38,0
DA:41,0
DA:42,0
DA:43,0
DA:44,0
DA:45,0
DA:46,0
DA:49,0
DA:50,0
DA:52,0
DA:54,0
DA:55,0
DA:56,0
DA:57,0
DA:60,0
DA:62,0
DA:65,0
DA:66,0
DA:67,0
DA:68,0
DA:69,0
DA:70,0
DA:71,0
DA:74,0
DA:75,0
DA:81,0
DA:82,0
DA:83,0
DA:84,0
DA:85,0
DA:87,0
DA:88,0
DA:89,0
DA:90,0
DA:91,0
DA:92,0
DA:94,0
DA:95,0
DA:97,0
DA:98,0
DA:99,0
DA:100,0
DA:101,0
DA:102,0
DA:103,0
DA:104,0
DA:107,0
DA:108,0
DA:109,0
DA:110,0
DA:111,0
DA:112,0
DA:113,0
DA:116,0
DA:117,0
DA:118,0
DA:119,0
DA:120,0
DA:122,0
DA:123,0
DA:124,0
DA:125,0
DA:126,0
DA:127,0
DA:128,0
DA:129,0
DA:130,0
DA:133,0
DA:134,0
DA:135,0
DA:136,0
DA:137,0
DA:138,0
DA:139,0
DA:140,0
DA:142,0
DA:143,0
DA:144,0
DA:145,0
DA:146,0
DA:147,0
DA:148,0
DA:149,0
DA:151,0
DA:152,0
DA:153,0
DA:154,0
DA:155,0
DA:156,0
DA:157,0
LF:113
LH:0
BRDA:1,0,0,0
BRF:1
BRH:0
end_of_record
TN:
SF:src/hooks/useGameState.ts
FN:1,(empty-report)
FNF:1
FNH:0
FNDA:0,(empty-report)
DA:1,0
DA:2,0
DA:3,0
DA:6,0
DA:7,0
DA:8,0
DA:9,0
DA:10,0
DA:11,0
DA:12,0
DA:13,0
DA:14,0
DA:15,0
DA:16,0
DA:17,0
DA:18,0
DA:19,0
DA:20,0
DA:23,0
DA:24,0
DA:25,0
DA:27,0
DA:28,0
DA:29,0
DA:30,0
DA:31,0
DA:33,0
DA:34,0
DA:35,0
DA:36,0
DA:37,0
DA:38,0
DA:39,0
DA:40,0
DA:43,0
DA:44,0
DA:45,0
DA:46,0
DA:48,0
DA:51,0
DA:52,0
DA:53,0
DA:54,0
DA:55,0
DA:56,0
DA:57,0
DA:58,0
DA:59,0
DA:60,0
DA:61,0
DA:62,0
DA:63,0
DA:64,0
DA:65,0
DA:66,0
DA:67,0
DA:68,0
DA:69,0
DA:72,0
DA:73,0
DA:74,0
DA:75,0
DA:76,0
DA:77,0
DA:78,0
DA:79,0
DA:80,0
DA:81,0
DA:82,0
DA:83,0
DA:86,0
DA:89,0
DA:90,0
DA:91,0
DA:92,0
DA:93,0
DA:94,0
DA:95,0
DA:96,0
DA:98,0
DA:99,0
DA:100,0
DA:101,0
DA:102,0
DA:103,0
DA:104,0
DA:105,0
DA:106,0
DA:108,0
DA:110,0
DA:111,0
DA:112,0
DA:113,0
DA:116,0
DA:117,0
DA:118,0
DA:119,0
DA:120,0
DA:123,0
DA:124,0
DA:127,0
DA:128,0
DA:129,0
DA:130,0
DA:131,0
DA:132,0
DA:133,0
DA:134,0
DA:135,0
LF:109
LH:0
BRDA:1,0,0,0
BRF:1
BRH:0
end_of_record
TN:
SF:src/hooks/useLocalStorage.ts
FN:1,(empty-report)
FNF:1
FNH:0
FNDA:0,(empty-report)
DA:1,0
DA:3,0
DA:4,0
DA:5,0
DA:6,0
DA:8,0
DA:9,0
DA:10,0
DA:11,0
DA:12,0
DA:13,0
DA:14,0
DA:15,0
DA:16,0
DA:19,0
DA:20,0
DA:21,0
DA:23,0
DA:24,0
DA:25,0
DA:26,0
DA:27,0
DA:28,0
DA:29,0
DA:30,0
DA:31,0
DA:32,0
DA:35,0
DA:36,0
DA:37,0
DA:38,0
DA:39,0
DA:40,0
DA:41,0
DA:42,0
DA:45,0
DA:46,0
DA:47,0
DA:48,0
DA:49,0
DA:50,0
DA:51,0
DA:52,0
DA:53,0
DA:54,0
DA:55,0
DA:56,0
DA:57,0
DA:59,0
DA:60,0
DA:61,0
DA:63,0
DA:64,0
LF:53
LH:0
BRDA:1,0,0,0
BRF:1
BRH:0
end_of_record
TN:
SF:src/hooks/useOrbPlacement.ts
FN:1,(empty-report)
FNF:1
FNH:0
FNDA:0,(empty-report)
DA:1,0
DA:2,0
DA:3,0
DA:4,0
DA:10,0
DA:30,0
DA:31,0
DA:32,0
DA:33,0
DA:34,0
DA:35,0
DA:36,0
DA:37,0
DA:38,0
DA:41,0
DA:42,0
DA:43,0
DA:44,0
DA:45,0
DA:46,0
DA:47,0
DA:48,0
DA:49,0
DA:50,0
DA:53,0
DA:54,0
DA:55,0
DA:56,0
DA:58,0
DA:59,0
DA:60,0
DA:61,0
DA:64,0
DA:65,0
DA:66,0
DA:67,0
DA:68,0
DA:69,0
DA:70,0
DA:73,0
DA:74,0
DA:75,0
DA:76,0
DA:77,0
DA:78,0
DA:79,0
DA:80,0
DA:81,0
DA:82,0
DA:83,0
DA:84,0
DA:85,0
DA:87,0
DA:88,0
DA:89,0
DA:90,0
DA:91,0
DA:92,0
DA:93,0
DA:95,0
DA:97,0
DA:99,0
DA:100,0
DA:101,0
DA:102,0
DA:103,0
DA:104,0
DA:106,0
DA:108,0
DA:109,0
DA:110,0
DA:111,0
DA:112,0
DA:113,0
DA:114,0
DA:115,0
DA:118,0
DA:119,0
DA:120,0
DA:121,0
DA:122,0
DA:123,0
DA:124,0
DA:126,0
DA:127,0
DA:128,0
DA:129,0
DA:130,0
DA:131,0
DA:132,0
DA:133,0
DA:136,0
DA:139,0
DA:140,0
DA:141,0
DA:142,0
DA:144,0
DA:146,0
DA:147,0
DA:148,0
DA:149,0
DA:150,0
DA:151,0
DA:152,0
DA:153,0
DA:155,0
DA:156,0
DA:157,0
DA:158,0
DA:159,0
DA:162,0
DA:163,0
DA:164,0
DA:165,0
DA:166,0
DA:167,0
DA:168,0
DA:172,0
DA:174,0
DA:177,0
DA:178,0
DA:179,0
DA:182,0
DA:183,0
DA:184,0
DA:185,0
DA:186,0
DA:188,0
DA:189,0
DA:190,0
DA:193,0
DA:194,0
DA:195,0
DA:196,0
DA:197,0
DA:198,0
DA:199,0
DA:200,0
DA:202,0
DA:203,0
DA:204,0
DA:205,0
DA:207,0
DA:208,0
DA:209,0
DA:210,0
DA:211,0
DA:212,0
DA:213,0
DA:214,0
DA:215,0
DA:216,0
DA:219,0
DA:220,0
DA:222,0
DA:223,0
DA:224,0
DA:225,0
DA:227,0
DA:228,0
DA:229,0
DA:230,0
DA:232,0
DA:234,0
DA:235,0
DA:236,0
DA:237,0
DA:238,0
DA:239,0
DA:240,0
DA:241,0
DA:242,0
DA:243,0
DA:244,0
DA:245,0
DA:246,0
DA:247,0
DA:248,0
DA:249,0
DA:250,0
DA:251,0
DA:252,0
DA:253,0
DA:254,0
DA:255,0
DA:256,0
DA:259,0
DA:260,0
DA:261,0
DA:263,0
DA:264,0
DA:265,0
DA:266,0
DA:267,0
DA:268,0
DA:269,0
DA:270,0
DA:271,0
DA:272,0
DA:273,0
DA:274,0
DA:275,0
DA:276,0
DA:277,0
DA:278,0
DA:279,0
DA:280,0
DA:283,0
DA:284,0
DA:285,0
DA:288,0
DA:289,0
DA:291,0
DA:292,0
DA:295,0
DA:296,0
DA:297,0
DA:299,0
DA:300,0
DA:301,0
DA:302,0
DA:303,0
DA:304,0
DA:306,0
DA:307,0
DA:308,0
DA:309,0
DA:310,0
DA:313,0
DA:314,0
DA:315,0
DA:317,0
DA:318,0
DA:319,0
DA:320,0
DA:321,0
DA:322,0
DA:324,0
DA:326,0
DA:327,0
DA:328,0
DA:329,0
DA:330,0
DA:331,0
DA:332,0
DA:333,0
DA:336,0
DA:337,0
DA:338,0
DA:339,0
DA:340,0
DA:342,0
DA:344,0
DA:345,0
DA:346,0
DA:347,0
DA:350,0
DA:351,0
DA:352,0
DA:353,0
DA:354,0
DA:355,0
DA:356,0
DA:357,0
DA:358,0
DA:359,0
DA:360,0
DA:361,0
DA:363,0
DA:364,0
DA:365,0
DA:366,0
DA:368,0
DA:369,0
DA:370,0
DA:371,0
DA:372,0
DA:373,0
DA:374,0
DA:375,0
DA:376,0
DA:377,0
DA:378,0
DA:379,0
DA:380,0
DA:382,0
DA:384,0
DA:385,0
DA:388,0
DA:389,0
DA:390,0
DA:391,0
DA:394,0
DA:395,0
DA:396,0
DA:397,0
DA:398,0
DA:399,0
DA:400,0
DA:402,0
DA:403,0
DA:404,0
DA:405,0
DA:406,0
DA:407,0
DA:410,0
DA:411,0
DA:412,0
DA:413,0
LF:309
LH:0
BRDA:1,0,0,0
BRF:1
BRH:0
end_of_record
TN:
SF:src/hooks/usePlayerManager.ts
FN:1,(empty-report)
FNF:1
FNH:0
FNDA:0,(empty-report)
DA:1,0
DA:2,0
DA:3,0
DA:11,0
DA:14,0
DA:15,0
DA:16,0
DA:19,0
DA:20,0
DA:21,0
DA:22,0
DA:24,0
DA:25,0
DA:26,0
DA:27,0
DA:28,0
DA:30,0
DA:32,0
DA:33,0
DA:34,0
DA:35,0
DA:38,0
DA:39,0
DA:40,0
DA:43,0
DA:44,0
DA:46,0
DA:48,0
DA:49,0
DA:50,0
DA:51,0
DA:52,0
DA:53,0
DA:54,0
DA:55,0
DA:56,0
DA:57,0
DA:60,0
DA:61,0
DA:62,0
DA:63,0
DA:64,0
DA:66,0
DA:67,0
DA:68,0
DA:70,0
DA:71,0
DA:72,0
DA:74,0
DA:75,0
DA:76,0
DA:79,0
DA:80,0
DA:81,0
DA:83,0
DA:84,0
DA:85,0
DA:86,0
DA:87,0
DA:90,0
DA:91,0
DA:92,0
DA:95,0
DA:98,0
DA:99,0
DA:102,0
DA:103,0
DA:104,0
DA:105,0
DA:106,0
DA:107,0
DA:108,0
DA:111,0
DA:112,0
DA:113,0
DA:114,0
DA:115,0
DA:116,0
DA:119,0
DA:120,0
DA:121,0
DA:122,0
DA:123,0
DA:124,0
DA:125,0
DA:126,0
DA:127,0
DA:128,0
DA:131,0
DA:132,0
DA:133,0
DA:134,0
DA:135,0
DA:137,0
DA:140,0
DA:141,0
DA:142,0
DA:143,0
DA:144,0
DA:146,0
DA:148,0
DA:149,0
DA:152,0
DA:153,0
DA:154,0
DA:155,0
DA:158,0
DA:159,0
DA:162,0
DA:163,0
DA:166,0
DA:167,0
DA:168,0
LF:113
LH:0
BRDA:1,0,0,0
BRF:1
BRH:0
end_of_record
TN:
SF:src/hooks/useProgressiveAudioManager.ts
FN:1,(empty-report)
FNF:1
FNH:0
FNDA:0,(empty-report)
DA:1,0
DA:2,0
DA:3,0
DA:4,0
DA:33,0
DA:34,0
DA:35,0
DA:36,0
DA:37,0
DA:38,0
DA:41,0
DA:42,0
DA:43,0
DA:44,0
DA:47,0
DA:48,0
DA:49,0
DA:50,0
DA:51,0
DA:52,0
DA:53,0
DA:54,0
DA:56,0
DA:57,0
DA:60,0
DA:61,0
DA:62,0
DA:65,0
DA:66,0
DA:67,0
DA:68,0
DA:69,0
DA:72,0
DA:73,0
DA:74,0
DA:75,0
DA:76,0
DA:77,0
DA:78,0
DA:79,0
DA:80,0
DA:81,0
DA:82,0
DA:85,0
DA:86,0
DA:87,0
DA:88,0
DA:89,0
DA:90,0
DA:91,0
DA:92,0
DA:95,0
DA:96,0
DA:97,0
DA:98,0
DA:101,0
DA:102,0
DA:103,0
DA:104,0
DA:105,0
DA:106,0
DA:107,0
DA:108,0
DA:111,0
DA:112,0
DA:114,0
DA:115,0
DA:116,0
DA:117,0
DA:118,0
DA:119,0
DA:120,0
DA:121,0
DA:122,0
DA:123,0
DA:125,0
DA:126,0
DA:127,0
DA:128,0
DA:130,0
DA:132,0
DA:133,0
DA:134,0
DA:135,0
DA:136,0
DA:137,0
DA:138,0
DA:139,0
DA:140,0
DA:141,0
DA:142,0
DA:145,0
DA:146,0
DA:147,0
DA:148,0
DA:149,0
DA:150,0
LF:97
LH:0
BRDA:1,0,0,0
BRF:1
BRH:0
end_of_record
TN:
SF:src/hooks/useWinLoseDetection.ts
FN:1,(empty-report)
FNF:1
FNH:0
FNDA:0,(empty-report)
DA:1,0
DA:2,0
DA:3,0
DA:5,0
DA:25,0
DA:26,0
DA:27,0
DA:28,0
DA:29,0
DA:30,0
DA:31,0
DA:32,0
DA:33,0
DA:36,0
DA:37,0
DA:38,0
DA:41,0
DA:42,0
DA:43,0
DA:44,0
DA:47,0
DA:49,0
DA:50,0
DA:52,0
DA:55,0
DA:56,0
DA:57,0
DA:60,0
DA:61,0
DA:62,0
DA:63,0
DA:64,0
DA:65,0
DA:66,0
DA:67,0
DA:68,0
DA:71,0
DA:72,0
DA:73,0
DA:74,0
DA:75,0
DA:76,0
DA:77,0
DA:78,0
DA:80,0
DA:81,0
DA:82,0
DA:85,0
DA:87,0
DA:88,0
DA:89,0
DA:90,0
DA:92,0
DA:93,0
DA:94,0
DA:95,0
DA:96,0
DA:97,0
DA:98,0
DA:99,0
DA:100,0
DA:101,0
DA:103,0
DA:104,0
DA:107,0
DA:109,0
DA:110,0
DA:111,0
DA:113,0
DA:115,0
DA:116,0
DA:117,0
DA:118,0
DA:119,0
DA:120,0
DA:122,0
DA:123,0
DA:124,0
DA:125,0
DA:126,0
DA:127,0
DA:128,0
DA:129,0
DA:130,0
DA:131,0
DA:133,0
DA:134,0
DA:135,0
DA:136,0
DA:137,0
DA:138,0
DA:141,0
DA:142,0
DA:143,0
DA:144,0
DA:145,0
DA:146,0
DA:147,0
DA:148,0
DA:149,0
DA:150,0
DA:151,0
DA:152,0
DA:153,0
DA:154,0
DA:156,0
DA:157,0
DA:158,0
DA:159,0
DA:160,0
DA:161,0
DA:162,0
DA:163,0
DA:164,0
DA:165,0
DA:166,0
DA:167,0
DA:168,0
DA:169,0
DA:172,0
DA:173,0
DA:174,0
DA:177,0
DA:178,0
DA:179,0
DA:180,0
DA:181,0
DA:182,0
DA:183,0
DA:184,0
DA:185,0
DA:186,0
DA:187,0
DA:189,0
DA:190,0
DA:193,0
DA:194,0
DA:195,0
DA:198,0
DA:199,0
DA:200,0
DA:203,0
DA:204,0
DA:205,0
DA:208,0
DA:209,0
DA:210,0
DA:211,0
DA:212,0
DA:214,0
DA:217,0
DA:218,0
DA:219,0
DA:220,0
DA:223,0
DA:224,0
DA:225,0
DA:226,0
DA:227,0
DA:228,0
DA:230,0
DA:232,0
DA:233,0
DA:234,0
DA:235,0
DA:238,0
DA:239,0
DA:240,0
DA:243,0
DA:244,0
DA:245,0
DA:248,0
DA:249,0
DA:252,0
DA:253,0
DA:256,0
DA:257,0
DA:258,0
DA:259,0
DA:260,0
DA:261,0
LF:181
LH:0
BRDA:1,0,0,0
BRF:1
BRH:0
end_of_record
TN:
SF:src/types/game.ts
FNF:0
FNH:0
DA:50,1
DA:51,1
DA:52,1
DA:53,1
DA:54,1
DA:55,1
DA:56,1
DA:57,1
DA:62,1
DA:63,1
DA:64,1
DA:65,1
DA:66,1
DA:67,1
DA:68,1
DA:69,1
DA:70,1
DA:71,1
DA:72,1
DA:73,1
DA:74,1
DA:75,1
DA:76,1
DA:77,1
DA:78,1
DA:79,1
DA:80,1
DA:81,1
DA:82,1
LF:29
LH:29
BRF:0
BRH:0
end_of_record
TN:
SF:src/types/hooks.ts
FNF:0
FNH:0
DA:65,1
DA:66,1
DA:67,1
DA:68,1
DA:69,1
DA:70,1
DA:71,1
LF:7
LH:7
BRF:0
BRH:0
end_of_record
TN:
SF:src/types/index.ts
FNF:0
FNH:0
DA:2,1
DA:3,1
DA:6,1
DA:9,1
LF:4
LH:4
BRF:0
BRH:0
end_of_record
TN:
SF:src/types/player.ts
FNF:0
FNH:0
LF:0
LH:0
BRF:0
BRH:0
end_of_record
TN:
SF:src/types/ui.ts
FNF:0
FNH:0
DA:55,1
DA:56,1
DA:57,1
DA:58,1
DA:59,1
DA:60,1
DA:114,1
DA:115,1
DA:116,1
DA:117,1
DA:118,1
DA:119,1
DA:120,1
LF:13
LH:13
BRF:0
BRH:0
end_of_record
TN:
SF:src/utils/aiLogic.ts
FN:35,calculateAIMove
FN:79,evaluateMove
FNF:2
FNH:2
FNDA:18,calculateAIMove
FNDA:771,evaluateMove
DA:2,1
DA:3,1
DA:35,1
DA:36,18
DA:37,18
DA:38,18
DA:39,18
DA:41,18
DA:42,96
DA:43,792
DA:44,771
DA:45,771
DA:46,771
DA:47,792
DA:48,96
DA:50,18
DA:51,1
DA:52,1
DA:55,17
DA:56,17
DA:57,17
DA:79,771
DA:80,771
DA:81,771
DA:82,771
DA:83,771
DA:84,771
DA:85,771
DA:88,771
DA:89,771
DA:92,771
DA:95,771
DA:96,771
DA:99,771
DA:100,3
DA:103,3
DA:104,3
DA:106,3
DA:107,3
DA:108,0
DA:109,0
DA:110,3
DA:113,771
DA:114,62
DA:115,771
DA:116,316
DA:117,316
DA:120,771
DA:121,771
DA:122,2644
DA:123,2644
DA:125,12
DA:126,12
DA:127,2644
DA:129,771
DA:130,771
LF:56
LH:54
BRDA:35,0,0,18
BRDA:41,1,0,96
BRDA:42,2,0,792
BRDA:43,3,0,771
BRDA:50,4,0,1
BRDA:52,5,0,17
BRDA:55,6,0,3091
BRDA:79,7,0,771
BRDA:99,8,0,3
BRDA:107,9,0,0
BRDA:113,10,0,62
BRDA:115,11,0,709
BRDA:115,12,0,316
BRDA:121,13,0,2644
BRDA:123,14,0,22
BRDA:123,15,0,12
BRF:16
BRH:15
end_of_record
TN:
SF:src/utils/audioManager.ts
FN:16,<instance_members_initializer>
FN:24,AudioManager
FN:28,initializeAudioContext
FN:42,setConfig
FN:46,setVolume
FN:50,setEnabled
FN:54,loadSound
FN:77,playSound
FN:108,stopAllSounds
FN:117,resumeAudioContext
FN:142,initializeSounds
FN:151,generateSoundEffects
FN:172,createWAVBuffer
FN:216,generateExplosionSound
FN:253,generateChainReactionSound
FN:317,generateOrbPlaceSound
FN:345,generateVictorySound
FN:380,generateDefeatSound
FN:407,generateClickSound
FN:430,generateHoverSound
FN:452,generateErrorSound
FN:482,playOrbPlaceSound
FN:484,playExplosionSound
FN:486,playChainReactionSound
FN:488,playGameWinSound
FN:490,playGameOverSound
FN:492,playUIClickSound
FN:494,playUIHoverSound
FN:496,playInvalidMoveSound
FNF:29
FNH:5
FNDA:1,<instance_members_initializer>
FNDA:1,AudioManager
FNDA:1,initializeAudioContext
FNDA:0,setConfig
FNDA:0,setVolume
FNDA:0,setEnabled
FNDA:11,loadSound
FNDA:1,playSound
FNDA:0,stopAllSounds
FNDA:0,resumeAudioContext
FNDA:0,initializeSounds
FNDA:0,generateSoundEffects
FNDA:0,createWAVBuffer
FNDA:0,generateExplosionSound
FNDA:0,generateChainReactionSound
FNDA:0,generateOrbPlaceSound
FNDA:0,generateVictorySound
FNDA:0,generateDefeatSound
FNDA:0,generateClickSound
FNDA:0,generateHoverSound
FNDA:0,generateErrorSound
FNDA:0,playOrbPlaceSound
FNDA:0,playExplosionSound
FNDA:0,playChainReactionSound
FNDA:0,playGameWinSound
FNDA:0,playGameOverSound
FNDA:0,playUIClickSound
FNDA:0,playUIHoverSound
FNDA:0,playInvalidMoveSound
DA:15,1
DA:16,1
DA:17,1
DA:18,1
DA:19,1
DA:20,1
DA:21,1
DA:22,1
DA:24,1
DA:25,1
DA:26,1
DA:28,1
DA:29,1
DA:31,1
DA:32,1
DA:33,1
DA:34,1
DA:35,1
DA:36,1
DA:37,1
DA:38,1
DA:39,1
DA:40,1
DA:42,1
DA:43,0
DA:44,0
DA:46,1
DA:47,0
DA:48,0
DA:50,1
DA:51,0
DA:52,0
DA:54,1
DA:55,11
DA:57,11
DA:58,11
DA:60,0
DA:61,0
DA:62,0
DA:63,0
DA:64,0
DA:65,11
DA:67,11
DA:68,11
DA:69,11
DA:70,11
DA:71,11
DA:72,11
DA:73,0
DA:74,0
DA:75,11
DA:77,1
DA:78,1
DA:80,1
DA:82,1
DA:83,1
DA:85,0
DA:86,0
DA:87,0
DA:89,0
DA:90,0
DA:92,0
DA:93,0
DA:95,0
DA:96,1
DA:98,1
DA:99,1
DA:100,1
DA:101,1
DA:102,1
DA:103,1
DA:104,0
DA:105,0
DA:106,1
DA:108,1
DA:111,0
DA:112,0
DA:113,0
DA:114,0
DA:115,0
DA:117,1
DA:119,0
DA:120,0
DA:121,0
DA:122,0
DA:123,1
DA:126,1
DA:129,1
DA:130,1
DA:131,1
DA:132,1
DA:133,1
DA:134,1
DA:135,1
DA:136,1
DA:137,1
DA:138,1
DA:142,1
DA:143,0
DA:145,0
DA:146,0
DA:147,0
DA:148,0
DA:151,0
DA:152,0
DA:154,0
DA:156,0
DA:157,0
DA:158,0
DA:159,0
DA:160,0
DA:161,0
DA:162,0
DA:163,0
DA:164,0
DA:165,0
DA:166,0
DA:168,0
DA:169,0
DA:172,0
DA:173,0
DA:174,0
DA:175,0
DA:176,0
DA:177,0
DA:178,0
DA:181,0
DA:182,0
DA:183,0
DA:184,0
DA:185,0
DA:187,0
DA:188,0
DA:189,0
DA:190,0
DA:191,0
DA:192,0
DA:193,0
DA:194,0
DA:195,0
DA:196,0
DA:197,0
DA:198,0
DA:199,0
DA:202,0
DA:203,0
DA:204,0
DA:205,0
DA:207,0
DA:208,0
DA:209,0
DA:210,0
DA:211,0
DA:212,0
DA:213,0
DA:216,0
DA:217,0
DA:218,0
DA:219,0
DA:220,0
DA:222,0
DA:223,0
DA:224,0
DA:227,0
DA:230,0
DA:231,0
DA:234,0
DA:237,0
DA:240,0
DA:243,0
DA:244,0
DA:246,0
DA:247,0
DA:249,0
DA:250,0
DA:253,0
DA:254,0
DA:255,0
DA:256,0
DA:257,0
DA:260,0
DA:262,0
DA:263,0
DA:264,0
DA:267,0
DA:268,0
DA:269,0
DA:270,0
DA:271,0
DA:273,0
DA:275,0
DA:276,0
DA:277,0
DA:278,0
DA:279,0
DA:282,0
DA:283,0
DA:284,0
DA:285,0
DA:286,0
DA:289,0
DA:290,0
DA:291,0
DA:292,0
DA:293,0
DA:296,0
DA:297,0
DA:298,0
DA:299,0
DA:300,0
DA:301,0
DA:302,0
DA:303,0
DA:306,0
DA:307,0
DA:308,0
DA:310,0
DA:311,0
DA:313,0
DA:314,0
DA:317,0
DA:318,0
DA:319,0
DA:320,0
DA:321,0
DA:323,0
DA:324,0
DA:325,0
DA:328,0
DA:329,0
DA:332,0
DA:335,0
DA:336,0
DA:338,0
DA:339,0
DA:341,0
DA:342,0
DA:345,0
DA:346,0
DA:347,0
DA:348,0
DA:349,0
DA:352,0
DA:353,0
DA:355,0
DA:356,0
DA:357,0
DA:358,0
DA:360,0
DA:361,0
DA:362,0
DA:365,0
DA:366,0
DA:369,0
DA:370,0
DA:372,0
DA:373,0
DA:374,0
DA:376,0
DA:377,0
DA:380,0
DA:381,0
DA:382,0
DA:383,0
DA:384,0
DA:386,0
DA:387,0
DA:388,0
DA:391,0
DA:392,0
DA:393,0
DA:394,0
DA:397,0
DA:398,0
DA:400,0
DA:401,0
DA:403,0
DA:404,0
DA:407,0
DA:408,0
DA:409,0
DA:410,0
DA:411,0
DA:413,0
DA:414,0
DA:415,0
DA:417,0
DA:418,0
DA:420,0
DA:421,0
DA:423,0
DA:424,0
DA:426,0
DA:427,0
DA:430,0
DA:431,0
DA:432,0
DA:433,0
DA:434,0
DA:436,0
DA:437,0
DA:438,0
DA:440,0
DA:442,0
DA:443,0
DA:445,0
DA:446,0
DA:448,0
DA:449,0
DA:452,0
DA:453,0
DA:454,0
DA:455,0
DA:456,0
DA:458,0
DA:459,0
DA:460,0
DA:463,0
DA:464,0
DA:465,0
DA:468,0
DA:469,0
DA:470,0
DA:472,0
DA:473,0
DA:475,0
DA:476,0
DA:478,0
DA:479,0
DA:482,1
DA:483,0
DA:484,1
DA:485,0
DA:486,1
DA:487,0
DA:488,1
DA:489,0
DA:490,1
DA:491,0
DA:492,1
DA:493,0
DA:494,1
DA:495,0
DA:496,1
DA:497,0
LF:345
LH:74
BRDA:16,0,0,1
BRDA:24,1,0,1
BRDA:28,2,0,1
BRDA:54,3,0,11
BRDA:55,4,0,0
BRDA:58,5,0,0
BRDA:72,6,0,0
BRDA:77,7,0,1
BRDA:78,8,0,0
BRDA:80,9,0,0
BRDA:83,10,0,0
BRDA:83,11,0,0
BRDA:103,12,0,0
BRF:13
BRH:5
end_of_record
TN:
SF:src/utils/boardOperations.ts
FN:35,createEmptyBoard
FN:68,createEmptyBoardSafe
FN:103,deepCloneBoard
FN:143,isValidMove
FN:190,placeOrb
FN:208,placeOrbSafe
FN:275,getAdjacentCells
FN:329,countPlayerOrbs
FNF:8
FNH:8
FNDA:243,createEmptyBoard
FNDA:2,createEmptyBoardSafe
FNDA:1063,deepCloneBoard
FNDA:804,isValidMove
FNDA:860,placeOrb
FNDA:4,placeOrbSafe
FNDA:837,getAdjacentCells
FNDA:83,countPlayerOrbs
DA:2,1
DA:3,1
DA:4,1
DA:35,1
DA:36,243
DA:38,243
DA:39,1218
DA:40,1218
DA:41,9024
DA:42,9024
DA:43,9024
DA:44,9024
DA:45,9024
DA:46,9024
DA:47,9024
DA:48,9024
DA:49,9024
DA:50,9024
DA:51,9024
DA:52,1218
DA:54,243
DA:55,243
DA:56,243
DA:57,243
DA:58,243
DA:59,243
DA:68,1
DA:69,2
DA:70,2
DA:71,2
DA:72,2
DA:73,2
DA:74,1
DA:75,1
DA:77,1
DA:78,1
DA:79,1
DA:80,1
DA:81,1
DA:103,1
DA:104,1063
DA:105,1063
DA:106,1063
DA:107,1063
DA:108,1063
DA:143,1
DA:144,804
DA:145,804
DA:146,804
DA:147,804
DA:148,804
DA:150,804
DA:151,6
DA:152,6
DA:154,798
DA:157,804
DA:158,804
DA:190,1
DA:191,860
DA:192,860
DA:193,860
DA:194,860
DA:195,860
DA:196,860
DA:197,860
DA:208,1
DA:209,4
DA:210,4
DA:211,4
DA:212,4
DA:213,4
DA:215,4
DA:216,4
DA:217,1
DA:218,1
DA:221,3
DA:222,4
DA:223,1
DA:224,1
DA:227,2
DA:228,4
DA:229,1
DA:230,1
DA:231,1
DA:232,1
DA:233,1
DA:234,1
DA:235,1
DA:237,1
DA:238,1
DA:239,1
DA:240,1
DA:241,1
DA:275,1
DA:276,837
DA:277,837
DA:278,837
DA:279,837
DA:280,837
DA:281,837
DA:282,837
DA:283,837
DA:284,837
DA:285,837
DA:286,837
DA:288,837
DA:289,3348
DA:290,3348
DA:292,3348
DA:293,3348
DA:294,3181
DA:295,3037
DA:296,2924
DA:297,3348
DA:298,2820
DA:299,2820
DA:300,3348
DA:302,837
DA:303,837
DA:329,1
DA:330,83
DA:331,83
DA:332,83
DA:333,83
DA:334,83
DA:335,457
DA:336,3787
DA:337,3787
DA:338,97
DA:339,97
DA:340,3787
DA:341,457
DA:342,83
DA:343,83
LF:134
LH:134
BRDA:35,0,0,243
BRDA:38,1,0,1218
BRDA:40,2,0,9024
BRDA:68,3,0,2
BRDA:73,4,0,1
BRDA:78,5,0,1
BRDA:103,6,0,1063
BRDA:106,7,0,20324
BRDA:106,8,0,402498
BRDA:143,9,0,804
BRDA:150,10,0,802
BRDA:150,11,0,801
BRDA:150,12,0,800
BRDA:150,13,0,6
BRDA:152,14,0,798
BRDA:157,15,0,29
BRDA:190,16,0,860
BRDA:208,17,0,4
BRDA:216,18,0,1
BRDA:218,19,0,3
BRDA:222,20,0,1
BRDA:224,21,0,2
BRDA:228,22,0,1
BRDA:228,23,0,1
BRDA:238,24,0,1
BRDA:275,25,0,837
BRDA:288,26,0,3348
BRDA:293,27,0,3181
BRDA:294,28,0,3037
BRDA:295,29,0,2924
BRDA:297,30,0,2820
BRDA:329,31,0,83
BRDA:334,32,0,457
BRDA:335,33,0,3787
BRDA:337,34,0,97
BRF:35
BRH:35
end_of_record
TN:
SF:src/utils/constants.ts
FNF:0
FNH:0
DA:1,1
DA:2,1
DA:3,1
DA:4,1
DA:6,1
DA:9,1
DA:10,1
DA:11,1
DA:12,1
DA:13,1
DA:14,1
DA:15,1
DA:16,1
DA:17,1
DA:18,1
DA:20,1
DA:21,1
DA:23,1
DA:24,1
DA:25,1
DA:26,1
DA:27,1
DA:29,1
DA:30,1
DA:31,1
DA:32,1
DA:33,1
DA:36,1
DA:37,1
DA:38,1
DA:39,1
DA:40,1
DA:41,1
DA:42,1
DA:45,1
DA:46,1
DA:47,1
DA:48,1
DA:49,1
DA:52,1
DA:53,1
DA:54,1
DA:55,1
DA:56,1
DA:59,1
DA:60,1
DA:61,1
DA:62,1
DA:63,1
DA:64,1
LF:50
LH:50
BRF:0
BRH:0
end_of_record
TN:
SF:src/utils/criticalMassDetection.ts
FN:43,analyzeCellCriticalMass
FN:94,getBoardCriticalMassState
FN:136,previewExplosion
FN:229,detectNearCriticalCells
FN:275,calculateBoardTension
FN:342,detectCriticalMassThreats
FNF:6
FNH:6
FNDA:4,analyzeCellCriticalMass
FNDA:6,getBoardCriticalMassState
FNDA:3,previewExplosion
FNDA:2,detectNearCriticalCells
FNDA:3,calculateBoardTension
FNDA:3,detectCriticalMassThreats
DA:2,1
DA:43,1
DA:44,4
DA:45,4
DA:46,4
DA:47,4
DA:48,4
DA:49,4
DA:50,4
DA:51,4
DA:52,4
DA:55,4
DA:56,4
DA:58,4
DA:59,3
DA:62,3
DA:63,10
DA:64,10
DA:65,4
DA:66,4
DA:67,10
DA:68,3
DA:70,4
DA:71,4
DA:72,0
DA:73,4
DA:74,2
DA:75,2
DA:77,4
DA:78,4
DA:79,4
DA:80,4
DA:81,4
DA:82,4
DA:83,4
DA:84,4
DA:85,4
DA:86,4
DA:87,4
DA:88,4
DA:89,4
DA:94,1
DA:95,6
DA:96,6
DA:97,6
DA:98,6
DA:99,6
DA:101,6
DA:102,24
DA:103,96
DA:105,96
DA:106,17
DA:107,14
DA:108,14
DA:109,17
DA:110,2
DA:111,2
DA:112,17
DA:113,96
DA:114,24
DA:116,6
DA:117,6
DA:118,6
DA:119,2
DA:120,4
DA:121,3
DA:122,1
DA:124,6
DA:125,6
DA:126,6
DA:127,6
DA:128,6
DA:129,6
DA:130,6
DA:131,6
DA:136,1
DA:137,3
DA:138,3
DA:139,3
DA:140,3
DA:141,3
DA:142,3
DA:143,3
DA:145,3
DA:146,6
DA:147,6
DA:148,6
DA:149,6
DA:151,6
DA:152,6
DA:153,6
DA:154,6
DA:155,6
DA:156,6
DA:157,6
DA:158,6
DA:159,6
DA:160,6
DA:163,3
DA:164,3
DA:166,3
DA:167,3
DA:168,3
DA:171,3
DA:172,7
DA:174,7
DA:175,28
DA:176,112
DA:177,112
DA:178,112
DA:179,4
DA:180,112
DA:181,4
DA:182,4
DA:183,112
DA:184,28
DA:186,7
DA:188,4
DA:189,4
DA:192,4
DA:193,4
DA:194,4
DA:195,4
DA:196,4
DA:197,4
DA:198,4
DA:199,4
DA:202,4
DA:203,4
DA:206,4
DA:207,9
DA:208,9
DA:209,9
DA:210,4
DA:212,4
DA:215,4
DA:216,7
DA:218,3
DA:219,3
DA:220,3
DA:221,3
DA:222,3
DA:223,3
DA:224,3
DA:229,1
DA:230,2
DA:231,2
DA:238,2
DA:239,2
DA:241,2
DA:242,8
DA:243,32
DA:245,32
DA:246,6
DA:247,6
DA:248,6
DA:250,6
DA:252,6
DA:253,3
DA:254,3
DA:255,2
DA:256,2
DA:258,6
DA:259,6
DA:260,6
DA:261,6
DA:262,6
DA:263,6
DA:264,6
DA:265,6
DA:266,32
DA:267,8
DA:269,2
DA:270,2
DA:275,1
DA:276,3
DA:282,3
DA:284,3
DA:285,3
DA:288,3
DA:289,12
DA:290,48
DA:292,48
DA:293,18
DA:294,18
DA:297,18
DA:298,18
DA:300,18
DA:301,13
DA:302,13
DA:303,13
DA:304,13
DA:305,13
DA:306,13
DA:307,18
DA:308,48
DA:309,12
DA:311,3
DA:313,3
DA:314,3
DA:316,3
DA:317,1
DA:318,1
DA:319,1
DA:320,3
DA:321,0
DA:322,0
DA:323,0
DA:324,2
DA:325,1
DA:326,1
DA:327,1
DA:328,1
DA:329,1
DA:331,3
DA:332,3
DA:333,3
DA:334,3
DA:335,3
DA:336,3
DA:337,3
DA:342,1
DA:343,3
DA:344,3
DA:350,3
DA:351,3
DA:352,3
DA:354,3
DA:355,3
DA:356,3
DA:357,3
DA:359,3
DA:360,9
DA:361,3
DA:362,9
DA:363,1
DA:364,6
DA:365,5
DA:366,5
DA:367,9
DA:370,3
DA:371,2
DA:372,2
DA:373,2
DA:374,2
DA:375,2
DA:377,3
DA:378,2
DA:379,2
DA:380,2
DA:382,3
DA:383,1
DA:384,1
DA:386,3
DA:387,3
DA:388,3
DA:389,3
DA:390,3
DA:391,3
DA:392,3
LF:260
LH:256
BRDA:43,0,0,4
BRDA:58,1,0,3
BRDA:62,2,0,10
BRDA:64,3,0,4
BRDA:71,4,0,0
BRDA:73,5,0,2
BRDA:73,6,0,2
BRDA:74,7,0,2
BRDA:94,8,0,6
BRDA:101,9,0,24
BRDA:102,10,0,96
BRDA:105,11,0,17
BRDA:106,12,0,14
BRDA:109,13,0,3
BRDA:109,14,0,2
BRDA:118,15,0,2
BRDA:119,16,0,4
BRDA:120,17,0,1
BRDA:120,18,0,3
BRDA:121,19,0,1
BRDA:136,20,0,3
BRDA:145,21,0,6
BRDA:171,22,0,7
BRDA:174,23,0,28
BRDA:175,24,0,112
BRDA:178,25,0,4
BRDA:180,26,0,4
BRDA:186,27,0,3
BRDA:186,28,0,4
BRDA:206,29,0,9
BRDA:215,30,0,0
BRDA:229,31,0,2
BRDA:241,32,0,8
BRDA:242,33,0,32
BRDA:245,34,0,6
BRDA:245,35,0,6
BRDA:248,36,0,5
BRDA:252,37,0,3
BRDA:254,38,0,2
BRDA:275,39,0,3
BRDA:288,40,0,12
BRDA:289,41,0,48
BRDA:292,42,0,18
BRDA:300,43,0,13
BRDA:316,44,0,1
BRDA:320,45,0,2
BRDA:320,46,0,0
BRDA:324,47,0,1
BRDA:334,48,0,27
BRDA:342,49,0,3
BRDA:359,50,0,9
BRDA:360,51,0,3
BRDA:362,52,0,6
BRDA:362,53,0,1
BRDA:364,54,0,5
BRDA:370,55,0,2
BRDA:377,56,0,2
BRDA:382,57,0,1
BRF:58
BRH:55
end_of_record
TN:
SF:src/utils/errorHandling.ts
FN:21,<instance_members_initializer>
FN:25,GameError
FN:42,BoardError
FN:52,ValidationError
FN:62,GameStateError
FN:84,ok
FN:91,err
FN:98,safeExecute
FN:121,safeExecuteAsync
FN:144,assertNotNull
FN:156,assertInRange
FN:180,validateBoardCoordinates
FN:197,validatePlayerIdStrict
FN:229,validateBoardDimensionsStrict
FN:245,validateGameStateIntegrity
FN:291,logError
FN:319,withErrorHandling
FN:339,withAsyncErrorHandling
FN:359,assertUniqueArray
FN:372,assertOneOf
FN:388,isValidPlayerId
FN:395,areValidCoordinates
FNF:22
FNH:21
FNDA:30,<instance_members_initializer>
FNDA:30,GameError
FNDA:1,BoardError
FNDA:25,ValidationError
FNDA:0,GameStateError
FNDA:19,ok
FNDA:20,err
FNDA:5,safeExecute
FNDA:2,safeExecuteAsync
FNDA:11,assertNotNull
FNDA:27,assertInRange
FNDA:7,validateBoardCoordinates
FNDA:11,validatePlayerIdStrict
FNDA:6,validateBoardDimensionsStrict
FNDA:2,validateGameStateIntegrity
FNDA:3,logError
FNDA:1,withErrorHandling
FNDA:1,withAsyncErrorHandling
FNDA:5,assertUniqueArray
FNDA:2,assertOneOf
FNDA:5,isValidPlayerId
FNDA:8,areValidCoordinates
DA:20,1
DA:21,1
DA:22,30
DA:23,30
DA:25,1
DA:26,30
DA:27,30
DA:28,30
DA:29,30
DA:30,30
DA:31,30
DA:32,30
DA:33,30
DA:34,30
DA:35,30
DA:36,1
DA:41,1
DA:42,1
DA:43,1
DA:44,1
DA:45,1
DA:46,1
DA:51,1
DA:52,1
DA:53,25
DA:54,25
DA:55,25
DA:56,1
DA:61,1
DA:62,1
DA:63,0
DA:64,0
DA:65,0
DA:66,1
DA:84,1
DA:85,19
DA:86,19
DA:91,1
DA:92,20
DA:93,20
DA:98,1
DA:99,5
DA:100,5
DA:101,5
DA:102,5
DA:103,5
DA:104,5
DA:105,5
DA:106,2
DA:107,2
DA:108,1
DA:109,1
DA:110,1
DA:111,1
DA:112,1
DA:113,1
DA:114,2
DA:115,2
DA:116,5
DA:121,2
DA:122,2
DA:123,2
DA:124,2
DA:125,2
DA:126,2
DA:127,1
DA:128,1
DA:129,1
DA:130,1
DA:131,0
DA:132,1
DA:133,1
DA:134,1
DA:135,1
DA:136,1
DA:137,1
DA:138,1
DA:139,2
DA:144,1
DA:145,11
DA:146,11
DA:147,11
DA:148,11
DA:149,4
DA:150,4
DA:151,11
DA:156,1
DA:157,27
DA:158,27
DA:159,27
DA:160,27
DA:161,27
DA:162,27
DA:163,2
DA:164,2
DA:165,2
DA:166,2
DA:167,2
DA:168,2
DA:169,27
DA:170,8
DA:171,8
DA:172,8
DA:173,8
DA:174,8
DA:175,27
DA:180,1
DA:181,7
DA:182,7
DA:183,7
DA:184,7
DA:185,7
DA:186,7
DA:187,7
DA:188,7
DA:189,7
DA:190,3
DA:191,3
DA:192,7
DA:197,1
DA:198,11
DA:199,11
DA:200,11
DA:201,11
DA:202,1
DA:203,1
DA:205,11
DA:206,3
DA:207,3
DA:208,3
DA:209,3
DA:210,3
DA:211,3
DA:212,3
DA:214,11
DA:215,1
DA:216,1
DA:217,1
DA:218,1
DA:219,1
DA:220,1
DA:221,1
DA:223,6
DA:224,6
DA:229,1
DA:230,6
DA:231,6
DA:232,6
DA:233,6
DA:234,6
DA:235,6
DA:236,6
DA:237,6
DA:238,3
DA:239,3
DA:240,6
DA:245,1
DA:246,2
DA:247,2
DA:248,2
DA:249,2
DA:251,2
DA:252,0
DA:253,0
DA:255,1
DA:256,1
DA:257,1
DA:258,2
DA:259,0
DA:260,0
DA:261,0
DA:262,0
DA:263,0
DA:266,1
DA:267,1
DA:268,1
DA:269,1
DA:270,2
DA:271,0
DA:272,0
DA:275,2
DA:276,2
DA:277,2
DA:278,0
DA:279,0
DA:280,2
DA:282,1
DA:283,1
DA:284,1
DA:285,1
DA:286,2
DA:291,1
DA:292,3
DA:293,3
DA:294,3
DA:295,3
DA:296,3
DA:297,3
DA:298,3
DA:299,3
DA:300,3
DA:301,3
DA:303,3
DA:304,1
DA:305,1
DA:308,3
DA:309,3
DA:310,3
DA:312,0
DA:313,0
DA:314,3
DA:319,1
DA:320,1
DA:321,1
DA:322,1
DA:323,1
DA:324,2
DA:325,2
DA:326,2
DA:327,1
DA:328,1
DA:329,1
DA:330,1
DA:331,1
DA:332,1
DA:333,2
DA:334,1
DA:339,1
DA:340,1
DA:341,1
DA:342,1
DA:343,1
DA:344,2
DA:345,2
DA:346,2
DA:347,1
DA:348,1
DA:349,1
DA:350,1
DA:351,1
DA:352,1
DA:353,2
DA:354,1
DA:359,1
DA:360,5
DA:361,5
DA:362,5
DA:363,5
DA:364,5
DA:365,2
DA:366,2
DA:367,5
DA:372,1
DA:373,2
DA:374,2
DA:375,2
DA:376,2
DA:377,2
DA:378,1
DA:379,1
DA:380,1
DA:381,1
DA:382,1
DA:383,2
DA:388,1
DA:389,5
DA:390,5
DA:395,1
DA:396,8
DA:397,8
DA:398,8
DA:399,8
DA:400,8
DA:401,8
DA:402,8
DA:403,8
DA:404,6
DA:405,6
DA:406,5
DA:407,4
DA:408,4
DA:410,8
LF:282
LH:265
BRDA:21,0,0,30
BRDA:25,1,0,30
BRDA:42,2,0,1
BRDA:52,3,0,25
BRDA:84,4,0,19
BRDA:91,5,0,20
BRDA:98,6,0,5
BRDA:105,7,0,2
BRDA:107,8,0,1
BRDA:108,9,0,1
BRDA:110,10,0,0
BRDA:121,11,0,2
BRDA:126,12,0,1
BRDA:130,13,0,0
BRDA:133,14,0,0
BRDA:144,15,0,11
BRDA:148,16,0,8
BRDA:148,17,0,4
BRDA:156,18,0,27
BRDA:162,19,0,2
BRDA:168,20,0,25
BRDA:169,21,0,20
BRDA:169,22,0,8
BRDA:180,23,0,7
BRDA:189,24,0,3
BRDA:197,25,0,11
BRDA:201,26,0,1
BRDA:203,27,0,10
BRDA:205,28,0,3
BRDA:212,29,0,7
BRDA:214,30,0,2
BRDA:214,31,0,1
BRDA:221,32,0,6
BRDA:229,33,0,6
BRDA:237,34,0,3
BRDA:245,35,0,2
BRDA:251,36,0,0
BRDA:253,37,0,1
BRDA:258,38,0,0
BRDA:263,39,0,1
BRDA:270,40,0,0
BRDA:272,41,0,1
BRDA:277,42,0,0
BRDA:280,43,0,1
BRDA:291,44,0,3
BRDA:303,45,0,1
BRDA:310,46,0,0
BRDA:319,47,0,1
BRDA:323,48,0,2
BRDA:326,49,0,1
BRDA:327,50,0,0
BRDA:339,51,0,1
BRDA:343,52,0,2
BRDA:346,53,0,1
BRDA:347,54,0,0
BRDA:359,55,0,5
BRDA:364,56,0,2
BRDA:372,57,0,2
BRDA:377,58,0,1
BRDA:388,59,0,5
BRDA:389,60,0,4
BRDA:395,61,0,8
BRDA:403,62,0,6
BRDA:404,63,0,6
BRDA:405,64,0,5
BRDA:406,65,0,4
BRDA:407,66,0,4
BRF:67
BRH:57
end_of_record
TN:
SF:src/utils/explosionLogic.ts
FN:39,getExplodingCells
FN:88,processExplosion
FN:109,processChainReactions
FN:147,processChainReactionsSequential
FN:201,calculateOrbMovements
FN:245,getPlayerColor
FNF:6
FNH:6
FNDA:76,getExplodingCells
FNDA:30,processExplosion
FNDA:12,processChainReactions
FNDA:14,processChainReactionsSequential
FNDA:14,calculateOrbMovements
FNDA:34,getPlayerColor
DA:8,1
DA:9,1
DA:10,1
DA:39,1
DA:40,76
DA:42,76
DA:43,412
DA:44,3364
DA:45,3364
DA:46,35
DA:47,35
DA:48,3364
DA:49,412
DA:51,76
DA:52,76
DA:88,1
DA:89,30
DA:90,30
DA:91,30
DA:92,30
DA:93,30
DA:95,30
DA:96,0
DA:97,0
DA:100,30
DA:103,30
DA:104,30
DA:109,1
DA:110,12
DA:114,12
DA:115,12
DA:116,12
DA:117,12
DA:119,12
DA:120,25
DA:122,25
DA:123,12
DA:124,12
DA:127,13
DA:128,13
DA:129,13
DA:130,13
DA:132,13
DA:133,13
DA:134,13
DA:135,13
DA:137,12
DA:138,12
DA:139,12
DA:140,12
DA:141,12
DA:147,1
DA:148,14
DA:149,14
DA:154,14
DA:155,14
DA:156,14
DA:157,14
DA:159,14
DA:160,28
DA:162,28
DA:163,14
DA:164,14
DA:167,14
DA:170,14
DA:171,14
DA:172,14
DA:173,14
DA:176,14
DA:177,14
DA:178,14
DA:179,14
DA:180,14
DA:181,14
DA:182,14
DA:183,14
DA:184,14
DA:186,14
DA:187,14
DA:188,14
DA:189,14
DA:191,14
DA:192,14
DA:193,14
DA:194,14
DA:195,14
DA:196,14
DA:201,1
DA:202,14
DA:203,14
DA:204,14
DA:205,14
DA:206,14
DA:208,14
DA:209,14
DA:210,14
DA:213,14
DA:214,14
DA:215,14
DA:216,14
DA:217,14
DA:218,14
DA:219,14
DA:220,56
DA:221,46
DA:222,43
DA:223,37
DA:224,14
DA:227,14
DA:228,34
DA:229,34
DA:230,34
DA:231,34
DA:232,34
DA:233,34
DA:234,34
DA:235,34
DA:236,14
DA:237,14
DA:239,14
DA:240,14
DA:245,1
DA:246,34
DA:248,34
DA:249,34
DA:250,34
LF:126
LH:124
BRDA:39,0,0,76
BRDA:42,1,0,412
BRDA:43,2,0,3364
BRDA:45,3,0,35
BRDA:88,4,0,30
BRDA:95,5,0,0
BRDA:109,6,0,12
BRDA:119,7,0,25
BRDA:122,8,0,20
BRDA:122,9,0,12
BRDA:124,10,0,13
BRDA:147,11,0,14
BRDA:159,12,0,28
BRDA:162,13,0,14
BRDA:177,14,0,14
BRDA:201,15,0,14
BRDA:208,16,0,14
BRDA:219,17,0,56
BRDA:220,18,0,46
BRDA:221,19,0,43
BRDA:222,20,0,37
BRDA:227,21,0,34
BRDA:245,22,0,34
BRDA:246,23,0,0
BRDA:249,24,0,0
BRF:25
BRH:22
end_of_record
TN:
SF:src/utils/gameLogic.ts
FNF:0
FNH:0
DA:2,1
DA:11,1
DA:19,1
DA:21,1
LF:4
LH:4
BRF:0
BRH:0
end_of_record
TN:
SF:src/utils/gameLogicOld.ts
FN:1,(empty-report)
FNF:1
FNH:1
FNDA:1,(empty-report)
DA:9,0
DA:10,0
DA:15,0
DA:16,0
DA:18,0
DA:19,0
DA:20,0
DA:21,0
DA:22,0
DA:23,0
DA:24,0
DA:25,0
DA:26,0
DA:27,0
DA:28,0
DA:29,0
DA:30,0
DA:31,0
DA:32,0
DA:34,0
DA:35,0
DA:36,0
DA:37,0
DA:38,0
DA:39,0
DA:44,0
DA:45,0
DA:46,0
DA:47,0
DA:48,0
DA:49,0
DA:51,0
DA:52,0
DA:53,0
DA:55,0
DA:58,0
DA:59,0
DA:64,0
DA:65,0
DA:66,0
DA:67,0
DA:68,0
DA:69,0
DA:70,0
DA:71,0
DA:73,0
DA:74,0
DA:76,0
DA:77,0
DA:82,0
DA:83,0
DA:85,0
DA:86,0
DA:87,0
DA:88,0
DA:89,0
DA:90,0
DA:91,0
DA:92,0
DA:94,0
DA:95,0
DA:100,0
DA:101,0
DA:102,0
DA:103,0
DA:104,0
DA:105,0
DA:106,0
DA:107,0
DA:108,0
DA:109,0
DA:110,0
DA:111,0
DA:113,0
DA:114,0
DA:115,0
DA:117,0
DA:118,0
DA:119,0
DA:120,0
DA:121,0
DA:122,0
DA:123,0
DA:124,0
DA:125,0
DA:127,0
DA:128,0
DA:133,0
DA:134,0
DA:135,0
DA:136,0
DA:137,0
DA:138,0
DA:139,0
DA:141,0
DA:142,0
DA:143,0
DA:145,0
DA:146,0
DA:149,0
DA:150,0
DA:153,0
DA:154,0
DA:155,0
DA:156,0
DA:157,0
DA:159,0
DA:160,0
DA:165,0
DA:166,0
DA:170,0
DA:171,0
DA:172,0
DA:174,0
DA:175,0
DA:177,0
DA:178,0
DA:179,0
DA:182,0
DA:184,0
DA:185,0
DA:186,0
DA:188,0
DA:189,0
DA:190,0
DA:192,0
DA:193,0
DA:194,0
DA:195,0
DA:196,0
DA:202,0
DA:203,0
DA:204,0
DA:209,0
DA:210,0
DA:211,0
DA:212,0
DA:214,0
DA:215,0
DA:217,0
DA:218,0
DA:219,0
DA:222,0
DA:225,0
DA:226,0
DA:227,0
DA:228,0
DA:231,0
DA:232,0
DA:233,0
DA:234,0
DA:235,0
DA:236,0
DA:237,0
DA:238,0
DA:239,0
DA:241,0
DA:242,0
DA:243,0
DA:245,0
DA:246,0
DA:247,0
DA:248,0
DA:249,0
DA:250,0
DA:255,0
DA:256,0
DA:257,0
DA:258,0
DA:259,0
DA:260,0
DA:262,0
DA:263,0
DA:266,0
DA:267,0
DA:268,0
DA:269,0
DA:270,0
DA:271,0
DA:272,0
DA:273,0
DA:274,0
DA:275,0
DA:276,0
DA:277,0
DA:280,0
DA:281,0
DA:282,0
DA:283,0
DA:284,0
DA:285,0
DA:286,0
DA:287,0
DA:288,0
DA:289,0
DA:290,0
DA:292,0
DA:293,0
DA:298,0
DA:299,0
DA:301,0
DA:302,0
DA:303,0
DA:308,0
DA:309,0
DA:310,0
DA:311,0
DA:312,0
DA:314,0
DA:315,0
DA:316,0
DA:317,0
DA:318,0
DA:319,0
DA:320,0
DA:321,0
DA:323,0
DA:324,0
DA:329,0
DA:330,0
DA:331,0
DA:332,0
DA:333,0
DA:335,0
DA:336,0
DA:337,0
DA:338,0
DA:339,0
DA:340,0
DA:341,0
DA:342,0
DA:344,0
DA:345,0
DA:350,0
DA:351,0
DA:355,0
DA:357,0
DA:358,0
DA:359,0
DA:363,0
DA:364,0
DA:365,0
DA:366,0
DA:368,0
DA:370,0
DA:371,0
DA:372,0
DA:373,0
DA:374,0
DA:375,0
DA:377,0
DA:378,0
DA:383,0
DA:384,0
DA:385,0
DA:386,0
DA:387,0
DA:388,0
DA:393,0
DA:394,0
DA:395,0
DA:396,0
DA:397,0
DA:399,0
DA:400,0
DA:401,0
DA:402,0
DA:403,0
DA:404,0
DA:405,0
DA:406,0
DA:408,0
DA:409,0
DA:410,0
DA:413,0
DA:414,0
DA:415,0
DA:420,0
DA:421,0
DA:422,0
DA:423,0
DA:424,0
DA:425,0
DA:426,0
DA:427,0
DA:430,0
DA:433,0
DA:434,0
DA:435,0
DA:438,0
DA:439,0
DA:440,0
DA:441,0
DA:442,0
DA:443,0
DA:446,0
DA:447,0
DA:449,0
DA:450,0
LF:299
LH:0
BRDA:1,0,0,1
BRF:1
BRH:1
end_of_record
TN:
SF:src/utils/gameReducer.ts
FN:8,createInitialGameState
FN:35,gameReducer
FNF:2
FNH:2
FNDA:20,createInitialGameState
FNDA:77,gameReducer
DA:2,1
DA:3,1
DA:4,1
DA:5,1
DA:6,1
DA:8,1
DA:9,20
DA:10,20
DA:11,20
DA:12,20
DA:13,20
DA:14,20
DA:15,20
DA:16,20
DA:17,20
DA:18,20
DA:19,20
DA:20,20
DA:21,20
DA:22,20
DA:23,20
DA:24,20
DA:25,20
DA:26,20
DA:27,20
DA:28,20
DA:29,20
DA:30,20
DA:31,20
DA:32,20
DA:33,20
DA:35,1
DA:36,77
DA:37,77
DA:38,77
DA:39,77
DA:40,77
DA:41,19
DA:44,19
DA:45,19
DA:46,61
DA:47,61
DA:48,61
DA:49,61
DA:50,61
DA:51,61
DA:52,61
DA:53,19
DA:55,19
DA:56,19
DA:57,19
DA:58,19
DA:59,19
DA:60,19
DA:61,19
DA:62,19
DA:63,19
DA:64,19
DA:65,19
DA:66,19
DA:67,19
DA:68,19
DA:69,19
DA:70,19
DA:71,19
DA:72,19
DA:73,19
DA:75,77
DA:76,15
DA:77,15
DA:78,15
DA:79,15
DA:80,15
DA:82,77
DA:83,10
DA:84,10
DA:85,10
DA:86,51
DA:87,10
DA:89,10
DA:90,10
DA:91,10
DA:94,10
DA:95,4
DA:96,4
DA:97,4
DA:98,4
DA:99,4
DA:101,10
DA:102,4
DA:103,4
DA:104,4
DA:105,4
DA:106,4
DA:107,4
DA:109,10
DA:110,10
DA:111,10
DA:112,10
DA:114,10
DA:115,10
DA:116,10
DA:117,10
DA:118,10
DA:119,10
DA:120,10
DA:122,10
DA:123,10
DA:124,10
DA:125,10
DA:126,10
DA:127,10
DA:128,10
DA:130,77
DA:131,0
DA:132,0
DA:133,0
DA:134,0
DA:135,0
DA:138,0
DA:139,0
DA:140,0
DA:141,0
DA:143,0
DA:144,0
DA:145,0
DA:146,0
DA:147,0
DA:148,0
DA:149,0
DA:151,77
DA:152,10
DA:153,10
DA:154,10
DA:155,10
DA:156,10
DA:159,10
DA:160,10
DA:161,2
DA:162,2
DA:163,2
DA:164,2
DA:165,2
DA:166,2
DA:167,2
DA:170,8
DA:171,8
DA:172,8
DA:175,8
DA:176,8
DA:178,10
DA:180,5
DA:183,5
DA:184,5
DA:187,5
DA:188,11
DA:189,11
DA:191,11
DA:193,5
DA:194,5
DA:195,5
DA:196,11
DA:197,10
DA:199,3
DA:200,3
DA:201,3
DA:203,8
DA:204,8
DA:205,8
DA:206,8
DA:207,8
DA:208,8
DA:210,77
DA:212,2
DA:213,2
DA:215,77
DA:216,13
DA:217,13
DA:218,13
DA:219,13
DA:220,13
DA:221,13
DA:222,13
DA:224,77
DA:225,1
DA:226,1
DA:228,1
DA:229,1
DA:230,0
DA:231,0
DA:233,1
DA:234,1
DA:235,1
DA:236,1
DA:237,1
DA:238,1
DA:240,77
DA:241,0
DA:242,0
DA:243,0
DA:244,0
DA:245,0
DA:246,0
DA:247,0
DA:248,0
DA:249,0
DA:251,77
DA:252,0
DA:253,0
DA:254,0
DA:255,0
DA:256,0
DA:258,77
DA:259,0
DA:260,0
DA:261,0
DA:262,0
DA:263,0
DA:265,77
DA:266,0
DA:267,0
DA:268,0
DA:269,0
DA:270,0
DA:272,77
DA:273,0
DA:274,0
DA:275,0
DA:276,0
DA:277,0
DA:278,0
DA:279,0
DA:280,0
DA:281,0
DA:283,77
DA:284,0
DA:285,0
DA:286,0
DA:287,0
DA:288,0
DA:289,0
DA:290,0
DA:292,77
DA:294,0
DA:295,0
DA:297,77
DA:298,5
DA:301,5
DA:302,0
DA:303,0
DA:304,0
DA:305,0
DA:306,0
DA:309,5
DA:310,0
DA:311,0
DA:312,0
DA:313,0
DA:314,0
DA:315,0
DA:318,5
DA:319,5
DA:320,5
DA:321,5
DA:322,5
DA:323,5
DA:324,5
DA:325,5
DA:326,5
DA:329,5
DA:330,5
DA:331,5
DA:332,5
DA:333,5
DA:334,5
DA:335,5
DA:336,5
DA:337,5
DA:338,5
DA:339,5
DA:340,5
DA:341,5
DA:343,5
DA:344,5
DA:345,5
DA:346,5
DA:347,5
DA:349,77
DA:350,2
DA:351,2
DA:353,2
DA:354,2
DA:355,2
DA:356,2
DA:357,2
DA:358,2
DA:359,2
DA:360,2
DA:361,2
DA:362,2
DA:363,2
DA:364,2
DA:365,2
DA:366,2
DA:367,2
DA:368,2
DA:369,2
DA:370,2
DA:371,2
DA:373,77
DA:374,0
DA:376,0
DA:377,0
DA:378,0
DA:380,0
DA:381,0
DA:382,0
DA:383,0
DA:384,0
DA:385,0
DA:386,0
DA:387,0
DA:388,0
DA:389,0
DA:391,77
DA:392,0
DA:395,0
DA:396,0
DA:397,0
DA:398,0
DA:400,0
DA:401,0
DA:402,0
DA:403,0
DA:404,0
DA:405,0
DA:406,0
DA:407,0
DA:408,0
DA:409,0
DA:412,0
DA:413,0
DA:414,0
DA:416,0
DA:417,0
DA:419,0
DA:421,0
DA:424,0
DA:425,0
DA:428,0
DA:429,0
DA:430,0
DA:432,0
DA:434,0
DA:435,0
DA:436,0
DA:437,0
DA:438,0
DA:440,0
DA:441,0
DA:443,0
DA:444,0
DA:445,0
DA:446,0
DA:447,0
DA:448,0
DA:449,0
DA:450,0
DA:451,0
DA:453,77
DA:454,0
DA:455,77
DA:456,77
LF:373
LH:243
BRDA:8,0,0,20
BRDA:35,1,0,77
BRDA:40,2,0,19
BRDA:75,3,0,15
BRDA:82,4,0,10
BRDA:94,5,0,4
BRDA:101,6,0,4
BRDA:130,7,0,0
BRDA:151,8,0,10
BRDA:160,9,0,2
BRDA:164,10,0,0
BRDA:167,11,0,8
BRDA:178,12,0,5
BRDA:187,13,0,11
BRDA:191,14,0,5
BRDA:197,15,0,3
BRDA:201,16,0,8
BRDA:210,17,0,2
BRDA:215,18,0,13
BRDA:224,19,0,1
BRDA:229,20,0,0
BRDA:240,21,0,0
BRDA:251,22,0,0
BRDA:258,23,0,0
BRDA:265,24,0,0
BRDA:272,25,0,0
BRDA:283,26,0,0
BRDA:292,27,0,0
BRDA:297,28,0,5
BRDA:301,29,0,0
BRDA:309,30,0,0
BRDA:349,31,0,2
BRDA:373,32,0,0
BRDA:391,33,0,0
BRDA:453,34,0,0
BRDA:45,35,0,61
BRDA:85,36,0,51
BRDA:86,37,0,405
BRDA:171,38,0,26
BRDA:172,39,0,17
BRDA:226,40,0,3
BRF:41
BRH:26
end_of_record
TN:
SF:src/utils/gameValidation.ts
FN:27,getActivePlayers
FN:74,checkGameOver
FN:107,validateBoardDimensions
FN:125,validatePlayerId
FN:132,validateCellCoordinates
FN:157,validateGameState
FNF:6
FNH:6
FNDA:41,getActivePlayers
FNDA:6,checkGameOver
FNDA:14,validateBoardDimensions
FNDA:19,validatePlayerId
FNDA:9,validateCellCoordinates
FNDA:7,validateGameState
DA:27,1
DA:28,41
DA:30,41
DA:31,206
DA:32,1574
DA:33,1574
DA:34,106
DA:35,106
DA:36,1574
DA:37,206
DA:39,41
DA:40,41
DA:74,1
DA:75,6
DA:79,6
DA:81,6
DA:82,1
DA:83,1
DA:87,5
DA:88,6
DA:89,2
DA:90,2
DA:92,3
DA:94,5
DA:95,2
DA:96,2
DA:97,2
DA:98,2
DA:99,2
DA:101,1
DA:102,1
DA:107,1
DA:108,14
DA:109,14
DA:110,14
DA:111,14
DA:112,4
DA:113,4
DA:115,14
DA:116,2
DA:117,2
DA:119,8
DA:120,8
DA:125,1
DA:126,19
DA:127,19
DA:132,1
DA:133,9
DA:134,9
DA:135,9
DA:136,9
DA:137,9
DA:138,3
DA:139,3
DA:140,3
DA:141,3
DA:142,3
DA:144,9
DA:145,2
DA:146,2
DA:147,2
DA:148,2
DA:149,2
DA:151,4
DA:152,4
DA:157,1
DA:158,7
DA:159,7
DA:160,7
DA:163,7
DA:164,2
DA:165,2
DA:167,7
DA:168,2
DA:169,2
DA:171,7
DA:172,0
DA:173,0
DA:176,7
DA:177,5
DA:178,5
DA:179,5
DA:180,5
DA:181,5
DA:182,1
DA:183,1
DA:184,5
DA:187,7
DA:188,7
DA:189,7
DA:190,5
DA:191,7
DA:192,4
DA:193,4
DA:194,7
DA:196,7
DA:197,7
DA:198,7
DA:199,7
DA:200,7
LF:100
LH:98
BRDA:27,0,0,41
BRDA:30,1,0,206
BRDA:31,2,0,1574
BRDA:33,3,0,107
BRDA:33,4,0,106
BRDA:74,5,0,6
BRDA:81,6,0,1
BRDA:83,7,0,5
BRDA:88,8,0,2
BRDA:90,9,0,5
BRDA:90,10,0,3
BRDA:94,11,0,2
BRDA:97,12,0,1
BRDA:97,13,0,1
BRDA:99,14,0,1
BRDA:107,15,0,14
BRDA:111,16,0,11
BRDA:111,17,0,13
BRDA:111,18,0,4
BRDA:113,19,0,10
BRDA:115,20,0,9
BRDA:115,21,0,2
BRDA:117,22,0,8
BRDA:125,23,0,19
BRDA:126,24,0,16
BRDA:132,25,0,9
BRDA:137,26,0,7
BRDA:137,27,0,8
BRDA:137,28,0,3
BRDA:142,29,0,6
BRDA:144,30,0,5
BRDA:144,31,0,2
BRDA:149,32,0,4
BRDA:157,33,0,7
BRDA:163,34,0,2
BRDA:167,35,0,2
BRDA:171,36,0,0
BRDA:176,37,0,5
BRDA:181,38,0,1
BRDA:181,39,0,1
BRDA:189,40,0,5
BRDA:191,41,0,4
BRF:42
BRH:41
end_of_record
TN:
SF:src/utils/helpers.ts
FN:25,getCellType
FN:69,getCriticalMass
FN:99,generateCellId
FNF:3
FNH:3
FNDA:9033,getCellType
FNDA:9030,getCriticalMass
FNDA:9027,generateCellId
DA:1,1
DA:25,1
DA:26,9033
DA:27,9033
DA:28,9033
DA:29,9033
DA:30,9033
DA:31,9033
DA:32,9033
DA:33,8787
DA:34,8544
DA:35,8302
DA:37,9033
DA:39,9033
DA:40,9033
DA:41,4412
DA:42,4412
DA:69,1
DA:70,9030
DA:71,9030
DA:72,9030
DA:73,9030
DA:74,9030
DA:75,9030
DA:76,9030
DA:77,9030
DA:99,1
DA:100,9027
DA:101,9027
LF:29
LH:29
BRDA:25,0,0,9033
BRDA:32,1,0,1583
BRDA:32,2,0,8787
BRDA:33,3,0,1337
BRDA:33,4,0,8544
BRDA:34,5,0,1575
BRDA:34,6,0,8302
BRDA:35,7,0,1333
BRDA:37,8,0,7450
BRDA:37,9,0,5878
BRDA:37,10,0,5145
BRDA:39,11,0,973
BRDA:39,12,0,8060
BRDA:40,13,0,3648
BRDA:40,14,0,4412
BRDA:69,15,0,9030
BRDA:99,16,0,9027
BRF:17
BRH:17
end_of_record
TN:
SF:src/utils/immutableUtils.ts
FN:50,updateCell
FN:87,placeOrbImmutable
FN:103,processExplosionImmutable
FN:129,updateMultipleCells
FN:147,setExplodingCells
FN:163,resetExplodingState
FN:180,updateGameState
FN:192,updateGameStateWithBoard
FN:208,removePlayers
FN:222,updatePlayerStats
FNF:10
FNH:5
FNDA:120,updateCell
FNDA:3469,placeOrbImmutable
FNDA:530,processExplosionImmutable
FNDA:0,updateMultipleCells
FNDA:0,setExplodingCells
FNDA:0,resetExplodingState
FNDA:37,updateGameState
FNDA:11,updateGameStateWithBoard
FNDA:0,removePlayers
FNDA:0,updatePlayerStats
DA:1,1
DA:50,1
DA:51,120
DA:52,120
DA:53,120
DA:54,120
DA:55,120
DA:56,120
DA:57,120
DA:58,120
DA:59,120
DA:87,1
DA:88,3469
DA:89,3469
DA:90,3469
DA:91,3469
DA:92,3469
DA:93,3469
DA:94,3469
DA:95,3469
DA:96,3469
DA:97,3469
DA:98,3469
DA:103,1
DA:104,530
DA:105,530
DA:106,530
DA:107,530
DA:108,530
DA:109,530
DA:110,530
DA:111,530
DA:114,530
DA:115,530
DA:118,530
DA:119,2072
DA:120,2072
DA:121,2072
DA:122,530
DA:123,530
DA:124,530
DA:129,1
DA:130,0
DA:131,0
DA:136,0
DA:137,0
DA:138,0
DA:139,0
DA:140,0
DA:141,0
DA:142,0
DA:147,1
DA:148,0
DA:149,0
DA:150,0
DA:151,0
DA:152,0
DA:153,0
DA:154,0
DA:155,0
DA:156,0
DA:157,0
DA:158,0
DA:163,1
DA:164,0
DA:165,0
DA:166,0
DA:167,0
DA:168,0
DA:169,0
DA:170,0
DA:171,0
DA:172,0
DA:173,0
DA:174,0
DA:175,0
DA:180,1
DA:181,37
DA:182,37
DA:183,37
DA:184,37
DA:185,37
DA:186,37
DA:187,37
DA:192,1
DA:193,11
DA:194,11
DA:195,11
DA:196,11
DA:197,11
DA:198,11
DA:199,11
DA:200,9
DA:201,9
DA:202,11
DA:203,11
DA:208,1
DA:209,0
DA:210,0
DA:211,0
DA:212,0
DA:213,0
DA:214,0
DA:215,0
DA:216,0
DA:217,0
DA:222,1
DA:223,0
DA:224,0
DA:225,0
DA:231,0
DA:232,0
DA:233,0
DA:234,0
DA:235,0
DA:236,0
DA:237,0
DA:238,0
DA:239,0
DA:240,0
DA:242,0
DA:243,0
DA:244,0
DA:245,0
DA:246,0
DA:247,0
DA:248,0
DA:249,0
DA:250,0
DA:252,0
DA:253,0
DA:254,0
DA:255,0
LF:133
LH:66
BRDA:50,0,0,120
BRDA:56,1,0,120
BRDA:87,2,0,3469
BRDA:93,3,0,3469
BRDA:103,4,0,530
BRDA:109,5,0,530
BRDA:118,6,0,2072
BRDA:180,7,0,37
BRDA:184,8,0,37
BRDA:192,9,0,11
BRDA:197,10,0,11
BRDA:199,11,0,9
BRF:12
BRH:12
end_of_record
TN:
SF:src/utils/moveValidation.ts
FN:20,validateMove
FN:110,isValidMoveQuick
FN:137,getValidMoves
FN:159,calculateMoveScore
FN:205,getAdjacentCellsForScore
FN:238,getBestMoves
FN:257,isWinningMove
FN:291,validateMoveWithFeedback
FNF:8
FNH:8
FNDA:39,validateMove
FNDA:6,isValidMoveQuick
FNDA:6,getValidMoves
FNDA:58,calculateMoveScore
FNDA:3,getAdjacentCellsForScore
FNDA:3,getBestMoves
FNDA:3,isWinningMove
FNDA:4,validateMoveWithFeedback
DA:2,1
DA:20,1
DA:21,39
DA:22,39
DA:23,39
DA:26,39
DA:27,1
DA:28,1
DA:29,1
DA:30,1
DA:31,1
DA:34,39
DA:35,2
DA:36,2
DA:37,2
DA:38,2
DA:39,2
DA:42,36
DA:43,39
DA:44,1
DA:45,1
DA:46,1
DA:47,1
DA:48,1
DA:51,35
DA:52,39
DA:53,15
DA:54,35
DA:55,15
DA:57,15
DA:58,1
DA:59,1
DA:60,1
DA:61,1
DA:62,1
DA:63,15
DA:66,34
DA:67,34
DA:68,33
DA:69,33
DA:70,33
DA:71,39
DA:72,1
DA:73,1
DA:74,1
DA:75,1
DA:76,1
DA:78,33
DA:81,39
DA:82,1
DA:83,1
DA:84,1
DA:85,1
DA:86,1
DA:89,32
DA:92,39
DA:93,12
DA:94,12
DA:97,39
DA:98,12
DA:99,12
DA:101,32
DA:102,32
DA:103,39
DA:104,39
DA:105,39
DA:110,1
DA:111,6
DA:112,6
DA:113,6
DA:114,6
DA:115,6
DA:116,6
DA:117,6
DA:119,6
DA:120,2
DA:121,2
DA:124,6
DA:125,1
DA:126,1
DA:128,3
DA:131,6
DA:132,6
DA:137,1
DA:138,6
DA:139,6
DA:140,6
DA:141,6
DA:143,6
DA:144,24
DA:145,96
DA:147,96
DA:148,94
DA:149,94
DA:150,96
DA:151,24
DA:153,6
DA:154,6
DA:159,1
DA:160,58
DA:161,58
DA:162,58
DA:163,58
DA:164,58
DA:165,58
DA:166,58
DA:169,58
DA:170,58
DA:171,45
DA:172,45
DA:173,20
DA:176,58
DA:179,58
DA:180,58
DA:181,14
DA:182,14
DA:185,58
DA:187,3
DA:188,3
DA:189,3
DA:190,3
DA:192,3
DA:193,1
DA:194,3
DA:195,2
DA:196,2
DA:197,3
DA:199,58
DA:200,58
DA:205,1
DA:206,3
DA:207,3
DA:208,3
DA:209,3
DA:210,3
DA:211,3
DA:212,3
DA:213,3
DA:214,3
DA:215,3
DA:216,3
DA:218,3
DA:219,12
DA:220,12
DA:222,12
DA:223,12
DA:224,11
DA:225,11
DA:226,10
DA:227,12
DA:228,10
DA:229,10
DA:230,12
DA:232,3
DA:233,3
DA:238,1
DA:239,3
DA:240,3
DA:241,3
DA:242,3
DA:243,3
DA:245,3
DA:246,48
DA:247,48
DA:248,48
DA:249,3
DA:251,3
DA:252,3
DA:257,1
DA:258,3
DA:259,3
DA:260,3
DA:261,3
DA:262,3
DA:266,3
DA:267,3
DA:270,3
DA:271,3
DA:272,3
DA:273,12
DA:274,48
DA:275,2
DA:276,2
DA:277,48
DA:278,12
DA:279,3
DA:282,3
DA:283,3
DA:285,3
DA:286,3
DA:291,1
DA:292,4
DA:297,4
DA:298,4
DA:300,4
DA:301,1
DA:302,1
DA:303,1
DA:304,1
DA:305,1
DA:306,1
DA:308,4
DA:309,2
DA:310,2
DA:311,2
DA:312,2
DA:313,2
DA:314,2
DA:316,1
DA:317,1
DA:318,1
DA:319,1
DA:320,1
DA:321,1
LF:214
LH:214
BRDA:20,0,0,39
BRDA:26,1,0,1
BRDA:31,2,0,38
BRDA:34,3,0,2
BRDA:39,4,0,36
BRDA:43,5,0,1
BRDA:48,6,0,35
BRDA:52,7,0,15
BRDA:57,8,0,1
BRDA:63,9,0,34
BRDA:67,10,0,33
BRDA:68,11,0,33
BRDA:69,12,0,33
BRDA:71,13,0,1
BRDA:76,14,0,33
BRDA:81,15,0,19
BRDA:81,16,0,1
BRDA:86,17,0,32
BRDA:92,18,0,12
BRDA:94,19,0,32
BRDA:97,20,0,12
BRDA:99,21,0,32
BRDA:103,22,0,21
BRDA:103,23,0,11
BRDA:53,24,0,35
BRDA:54,25,0,199
BRDA:54,26,0,14
BRDA:110,27,0,6
BRDA:119,28,0,5
BRDA:119,29,0,2
BRDA:121,30,0,4
BRDA:124,31,0,3
BRDA:124,32,0,3
BRDA:124,33,0,3
BRDA:124,34,0,1
BRDA:126,35,0,3
BRDA:131,36,0,2
BRDA:137,37,0,6
BRDA:143,38,0,24
BRDA:144,39,0,96
BRDA:147,40,0,5
BRDA:147,41,0,94
BRDA:159,42,0,58
BRDA:170,43,0,13
BRDA:170,44,0,45
BRDA:172,45,0,25
BRDA:172,46,0,20
BRDA:180,47,0,14
BRDA:185,48,0,3
BRDA:192,49,0,1
BRDA:194,50,0,2
BRDA:189,51,0,10
BRDA:189,52,0,1
BRDA:205,53,0,3
BRDA:218,54,0,12
BRDA:223,55,0,11
BRDA:224,56,0,11
BRDA:225,57,0,10
BRDA:227,58,0,10
BRDA:238,59,0,3
BRDA:245,60,0,48
BRDA:251,61,0,128
BRDA:257,62,0,3
BRDA:272,63,0,12
BRDA:273,64,0,48
BRDA:274,65,0,2
BRDA:267,66,0,6
BRDA:291,67,0,4
BRDA:300,68,0,1
BRDA:303,69,0,0
BRDA:306,70,0,3
BRDA:308,71,0,2
BRDA:308,72,0,2
BRDA:314,73,0,1
BRF:74
BRH:73
end_of_record
TN:
SF:src/utils/orbPlacement.ts
FN:28,executeOrbPlacement
FN:244,executeBatchOrbPlacement
FN:297,previewOrbPlacement
FN:373,getMoveAnalysis
FNF:4
FNH:1
FNDA:29,executeOrbPlacement
FNDA:0,executeBatchOrbPlacement
FNDA:0,previewOrbPlacement
FNDA:0,getMoveAnalysis
DA:2,1
DA:3,1
DA:9,1
DA:28,1
DA:29,29
DA:30,29
DA:31,29
DA:32,29
DA:33,29
DA:34,29
DA:35,29
DA:36,29
DA:37,29
DA:38,29
DA:39,29
DA:41,29
DA:43,29
DA:45,29
DA:46,23
DA:47,23
DA:48,23
DA:49,23
DA:50,23
DA:51,23
DA:53,23
DA:54,23
DA:55,0
DA:56,0
DA:57,0
DA:58,0
DA:59,0
DA:60,23
DA:63,29
DA:66,29
DA:67,29
DA:68,29
DA:69,29
DA:71,29
DA:72,29
DA:75,29
DA:77,29
DA:78,29
DA:80,11
DA:81,11
DA:82,11
DA:83,11
DA:84,11
DA:85,11
DA:87,11
DA:88,11
DA:89,11
DA:90,11
DA:91,11
DA:92,11
DA:93,11
DA:94,11
DA:97,11
DA:99,11
DA:100,11
DA:101,11
DA:103,11
DA:104,6
DA:105,6
DA:106,6
DA:108,6
DA:109,6
DA:110,6
DA:111,6
DA:112,6
DA:113,6
DA:114,6
DA:115,6
DA:116,6
DA:119,6
DA:120,6
DA:121,6
DA:122,6
DA:123,6
DA:124,6
DA:125,6
DA:126,6
DA:130,6
DA:132,5
DA:133,5
DA:134,5
DA:136,5
DA:137,5
DA:138,5
DA:139,5
DA:140,5
DA:141,5
DA:142,5
DA:143,5
DA:144,5
DA:145,11
DA:146,29
DA:148,18
DA:149,18
DA:150,3
DA:151,3
DA:152,3
DA:154,3
DA:156,3
DA:157,3
DA:158,3
DA:160,3
DA:161,0
DA:162,0
DA:163,0
DA:164,0
DA:165,0
DA:166,0
DA:167,0
DA:168,0
DA:169,0
DA:173,3
DA:175,3
DA:176,3
DA:177,3
DA:178,3
DA:179,3
DA:180,3
DA:181,18
DA:182,29
DA:185,29
DA:186,29
DA:187,29
DA:188,29
DA:189,29
DA:190,29
DA:191,14
DA:192,8
DA:193,29
DA:196,29
DA:197,29
DA:198,15
DA:200,29
DA:203,6
DA:204,6
DA:205,6
DA:206,27
DA:208,23
DA:209,23
DA:210,0
DA:211,0
DA:212,0
DA:213,0
DA:215,0
DA:216,0
DA:217,0
DA:218,23
DA:220,23
DA:221,23
DA:222,23
DA:223,23
DA:224,23
DA:226,29
DA:227,29
DA:228,29
DA:229,29
DA:230,29
DA:231,29
DA:232,29
DA:233,29
DA:234,0
DA:235,0
DA:236,0
DA:237,0
DA:238,0
DA:239,29
DA:244,1
DA:245,0
DA:246,0
DA:252,0
DA:253,0
DA:254,0
DA:255,0
DA:257,0
DA:258,0
DA:259,0
DA:260,0
DA:261,0
DA:262,0
DA:263,0
DA:264,0
DA:265,0
DA:267,0
DA:268,0
DA:269,0
DA:270,0
DA:272,0
DA:273,0
DA:274,0
DA:276,0
DA:277,0
DA:278,0
DA:281,0
DA:282,0
DA:283,0
DA:284,0
DA:286,0
DA:287,0
DA:288,0
DA:289,0
DA:290,0
DA:291,0
DA:292,0
DA:297,1
DA:298,0
DA:299,0
DA:300,0
DA:301,0
DA:308,0
DA:310,0
DA:311,0
DA:312,0
DA:313,0
DA:314,0
DA:315,0
DA:317,0
DA:318,0
DA:319,0
DA:320,0
DA:321,0
DA:322,0
DA:323,0
DA:324,0
DA:325,0
DA:326,0
DA:329,0
DA:330,0
DA:331,0
DA:333,0
DA:334,0
DA:336,0
DA:337,0
DA:338,0
DA:341,0
DA:342,0
DA:343,0
DA:344,0
DA:345,0
DA:346,0
DA:347,0
DA:348,0
DA:349,0
DA:350,0
DA:351,0
DA:352,0
DA:353,0
DA:354,0
DA:356,0
DA:357,0
DA:358,0
DA:359,0
DA:360,0
DA:362,0
DA:363,0
DA:364,0
DA:365,0
DA:366,0
DA:367,0
DA:368,0
DA:373,1
DA:374,0
DA:375,0
DA:386,0
DA:387,0
DA:389,0
DA:390,0
DA:391,0
DA:393,0
DA:394,0
DA:396,0
DA:397,0
DA:398,0
DA:399,0
DA:401,0
DA:402,0
DA:403,0
DA:404,0
DA:406,0
DA:407,0
DA:408,0
DA:409,0
DA:410,0
DA:411,0
DA:414,0
DA:415,0
DA:417,0
DA:418,0
DA:419,0
DA:420,0
DA:421,0
DA:422,0
DA:423,0
DA:424,0
DA:425,0
DA:426,0
DA:427,0
DA:428,0
DA:429,0
DA:430,0
DA:431,0
DA:433,0
DA:434,0
LF:306
LH:147
BRDA:28,0,0,29
BRDA:45,1,0,23
BRDA:54,2,0,0
BRDA:78,3,0,11
BRDA:103,4,0,6
BRDA:130,5,0,5
BRDA:146,6,0,18
BRDA:149,7,0,3
BRDA:160,8,0,0
BRDA:190,9,0,14
BRDA:191,10,0,8
BRDA:197,11,0,15
BRDA:200,12,0,14
BRDA:200,13,0,27
BRDA:200,14,0,6
BRDA:206,15,0,23
BRDA:209,16,0,0
BRDA:231,17,0,14
BRDA:231,18,0,15
BRDA:233,19,0,0
BRDA:100,20,0,11
BRDA:157,21,0,3
BRDA:192,22,0,8
BRDA:198,23,0,15
BRF:24
BRH:20
end_of_record
TN:
SF:src/utils/playerManager.ts
FN:1,(empty-report)
FNF:1
FNH:1
FNDA:1,(empty-report)
DA:2,0
DA:20,0
DA:21,0
DA:22,0
DA:23,0
DA:24,0
DA:25,0
DA:26,0
DA:27,0
DA:28,0
DA:29,0
DA:30,0
DA:31,0
DA:32,0
DA:33,0
DA:34,0
DA:35,0
DA:40,0
DA:41,0
DA:42,0
DA:43,0
DA:44,0
DA:45,0
DA:46,0
DA:49,0
DA:50,0
DA:51,0
DA:52,0
DA:53,0
DA:55,0
DA:56,0
DA:59,0
DA:60,0
DA:61,0
DA:62,0
DA:63,0
DA:65,0
DA:66,0
DA:68,0
DA:69,0
DA:74,0
DA:75,0
DA:76,0
DA:77,0
DA:78,0
DA:79,0
DA:80,0
DA:81,0
DA:83,0
DA:84,0
DA:85,0
DA:87,0
DA:88,0
DA:89,0
DA:92,0
DA:93,0
DA:94,0
DA:95,0
DA:96,0
DA:97,0
DA:98,0
DA:100,0
DA:101,0
DA:104,0
DA:105,0
DA:106,0
DA:111,0
DA:112,0
DA:113,0
DA:114,0
DA:115,0
DA:116,0
DA:117,0
DA:118,0
DA:119,0
DA:120,0
DA:125,0
DA:126,0
DA:127,0
DA:132,0
DA:133,0
DA:134,0
DA:135,0
DA:136,0
DA:137,0
DA:138,0
DA:139,0
DA:140,0
DA:145,0
DA:146,0
DA:147,0
DA:148,0
DA:149,0
DA:151,0
DA:153,0
DA:154,0
DA:155,0
DA:156,0
DA:159,0
DA:160,0
DA:161,0
DA:162,0
DA:163,0
DA:165,0
DA:167,0
DA:168,0
DA:169,0
DA:170,0
DA:171,0
DA:172,0
DA:177,0
DA:178,0
DA:180,0
DA:181,0
DA:182,0
DA:184,0
DA:185,0
DA:186,0
DA:188,0
DA:189,0
DA:190,0
DA:192,0
DA:193,0
DA:198,0
DA:199,0
DA:200,0
DA:201,0
DA:202,0
DA:203,0
DA:204,0
DA:205,0
DA:206,0
DA:209,0
DA:210,0
DA:211,0
DA:213,0
DA:214,0
DA:215,0
DA:216,0
DA:217,0
DA:218,0
DA:219,0
DA:220,0
DA:221,0
DA:226,0
DA:227,0
DA:228,0
DA:229,0
DA:230,0
DA:231,0
DA:232,0
DA:233,0
DA:238,0
DA:239,0
DA:240,0
DA:241,0
DA:242,0
DA:243,0
DA:248,0
DA:249,0
DA:250,0
DA:251,0
DA:252,0
DA:253,0
DA:254,0
DA:255,0
DA:256,0
DA:257,0
DA:258,0
LF:169
LH:0
BRDA:1,0,0,1
BRF:1
BRH:1
end_of_record
TN:
SF:src/utils/progressiveAudioManager.ts
FN:24,<instance_members_initializer>
FN:33,setConfig
FN:37,setEnabled
FN:46,playChainReactionWithIntensity
FN:93,calculateVolumeMultiplier
FN:109,generateProgressiveExplosionSound
FN:184,getIntensityCharacteristics
FN:201,generateHarmonics
FN:222,calculateDynamicEnvelope
FN:248,softClip
FN:261,createWAVBuffer
FN:270,writeString
FN:307,preloadAllIntensities
FN:334,getIntensityFromExplosions
FN:353,clearCache
FNF:15
FNH:15
FNDA:1,<instance_members_initializer>
FNDA:1,setConfig
FNDA:2,setEnabled
FNDA:28,playChainReactionWithIntensity
FNDA:1,calculateVolumeMultiplier
FNDA:11,generateProgressiveExplosionSound
FNDA:11,getIntensityCharacteristics
FNDA:11,generateHarmonics
FNDA:396898,calculateDynamicEnvelope
FNDA:396898,softClip
FNDA:11,createWAVBuffer
FNDA:44,writeString
FNDA:1,preloadAllIntensities
FNDA:29,getIntensityFromExplosions
FNDA:12,clearCache
DA:4,1
DA:23,1
DA:24,1
DA:25,1
DA:26,1
DA:27,1
DA:28,1
DA:29,1
DA:31,1
DA:33,1
DA:34,1
DA:35,1
DA:37,1
DA:38,2
DA:39,2
DA:46,1
DA:47,28
DA:48,28
DA:49,28
DA:50,28
DA:52,1
DA:54,1
DA:57,1
DA:59,1
DA:60,1
DA:61,1
DA:62,1
DA:64,1
DA:65,1
DA:68,1
DA:69,1
DA:70,1
DA:71,1
DA:72,1
DA:73,1
DA:74,1
DA:75,1
DA:78,1
DA:80,1
DA:81,1
DA:82,1
DA:83,28
DA:84,0
DA:86,0
DA:87,0
DA:88,28
DA:93,1
DA:94,1
DA:95,1
DA:96,1
DA:98,1
DA:101,1
DA:103,1
DA:104,1
DA:109,1
DA:110,11
DA:111,11
DA:112,11
DA:115,11
DA:116,11
DA:117,11
DA:120,11
DA:122,11
DA:123,396898
DA:124,396898
DA:125,396898
DA:128,396898
DA:129,396898
DA:130,396898
DA:131,396898
DA:132,396898
DA:133,396898
DA:136,396898
DA:137,2688324
DA:138,2688324
DA:139,2688324
DA:140,2688324
DA:141,2688324
DA:142,396898
DA:145,396898
DA:146,396898
DA:147,396898
DA:148,396898
DA:149,396898
DA:152,396898
DA:153,396898
DA:154,396898
DA:155,396898
DA:156,396898
DA:159,396898
DA:160,202859
DA:161,202859
DA:162,202859
DA:163,202859
DA:164,202859
DA:165,202859
DA:166,202859
DA:169,396898
DA:170,396898
DA:173,396898
DA:175,396898
DA:176,396898
DA:178,396898
DA:179,11
DA:184,1
DA:185,11
DA:187,11
DA:188,11
DA:189,11
DA:190,11
DA:191,11
DA:192,11
DA:193,11
DA:194,11
DA:195,11
DA:196,11
DA:201,1
DA:202,11
DA:203,11
DA:206,11
DA:207,8
DA:208,8
DA:209,11
DA:210,4
DA:211,4
DA:212,11
DA:213,1
DA:214,1
DA:216,11
DA:217,11
DA:222,1
DA:223,396898
DA:224,396898
DA:225,396898
DA:226,396898
DA:229,396898
DA:232,396898
DA:233,19851
DA:234,19851
DA:235,19851
DA:238,396898
DA:239,40573
DA:240,40573
DA:242,396898
DA:243,396898
DA:248,1
DA:249,396898
DA:250,396898
DA:251,8
DA:252,8
DA:253,8
DA:254,8
DA:255,396890
DA:256,396898
DA:261,1
DA:262,11
DA:263,11
DA:264,11
DA:265,11
DA:266,11
DA:267,11
DA:270,11
DA:271,44
DA:272,176
DA:273,176
DA:274,44
DA:276,11
DA:277,11
DA:278,11
DA:279,11
DA:280,11
DA:281,11
DA:282,11
DA:283,11
DA:284,11
DA:285,11
DA:286,11
DA:287,11
DA:288,11
DA:291,11
DA:292,396898
DA:293,396898
DA:294,396898
DA:296,11
DA:297,11
DA:298,11
DA:299,0
DA:300,0
DA:301,0
DA:302,11
DA:307,1
DA:308,1
DA:309,1
DA:310,1
DA:311,10
DA:312,10
DA:313,10
DA:314,10
DA:315,10
DA:316,10
DA:317,10
DA:318,0
DA:319,0
DA:320,10
DA:321,10
DA:322,10
DA:324,10
DA:325,1
DA:326,1
DA:327,0
DA:328,0
DA:329,1
DA:334,1
DA:335,29
DA:336,29
DA:338,29
DA:339,29
DA:340,29
DA:341,29
DA:342,29
DA:343,29
DA:344,29
DA:345,29
DA:346,29
DA:347,9
DA:348,29
DA:353,1
DA:354,12
DA:355,11
DA:356,11
DA:357,11
DA:358,0
DA:359,0
DA:360,12
DA:361,12
DA:362,12
DA:363,12
DA:364,1
DA:370,1
LF:239
LH:227
BRDA:24,0,0,1
BRDA:33,1,0,1
BRDA:37,2,0,2
BRDA:46,3,0,28
BRDA:50,4,0,1
BRDA:50,5,0,1
BRDA:50,6,0,27
BRDA:50,7,0,1
BRDA:83,8,0,0
BRDA:93,9,0,1
BRDA:109,10,0,11
BRDA:122,11,0,396898
BRDA:159,12,0,202859
BRDA:136,13,0,2688324
BRDA:184,14,0,11
BRDA:201,15,0,11
BRDA:206,16,0,8
BRDA:209,17,0,4
BRDA:212,18,0,1
BRDA:222,19,0,396898
BRDA:232,20,0,19851
BRDA:238,21,0,202859
BRDA:238,22,0,182571
BRDA:238,23,0,40573
BRDA:248,24,0,396898
BRDA:250,25,0,8
BRDA:254,26,0,396890
BRDA:261,27,0,11
BRDA:291,28,0,396898
BRDA:298,29,0,0
BRDA:270,30,0,44
BRDA:271,31,0,176
BRDA:307,32,0,1
BRDA:310,33,0,10
BRDA:326,34,0,0
BRDA:311,35,0,10
BRDA:317,36,0,0
BRDA:316,37,0,10
BRDA:334,38,0,29
BRDA:338,39,0,4
BRDA:338,40,0,25
BRDA:339,41,0,2
BRDA:339,42,0,23
BRDA:340,43,0,2
BRDA:340,44,0,21
BRDA:341,45,0,2
BRDA:341,46,0,19
BRDA:342,47,0,2
BRDA:342,48,0,17
BRDA:343,49,0,2
BRDA:343,50,0,15
BRDA:344,51,0,2
BRDA:344,52,0,13
BRDA:345,53,0,2
BRDA:345,54,0,11
BRDA:346,55,0,2
BRDA:346,56,0,9
BRDA:353,57,0,12
BRDA:354,58,0,11
BRDA:357,59,0,0
BRF:60
BRH:55
end_of_record
TN:
SF:src/utils/winLoseDetection.ts
FN:33,checkGameEnd
FN:140,getCellsControlledByPlayer
FN:161,predictLikelyWinner
FN:239,getNearCriticalCells
FN:258,isPlayerInDanger
FN:323,checkCondition
FN:334,checkCondition
FN:351,getWinMessage
FN:373,getGameSummary
FNF:9
FNH:2
FNDA:33,checkGameEnd
FNDA:80,getCellsControlledByPlayer
FNDA:0,predictLikelyWinner
FNDA:0,getNearCriticalCells
FNDA:0,isPlayerInDanger
FNDA:0,checkCondition
FNDA:0,checkCondition
FNDA:0,getWinMessage
FNDA:0,getGameSummary
DA:2,1
DA:3,1
DA:33,1
DA:34,33
DA:35,33
DA:36,33
DA:37,33
DA:40,33
DA:41,80
DA:42,80
DA:43,80
DA:44,80
DA:45,80
DA:46,80
DA:48,80
DA:49,80
DA:50,80
DA:51,80
DA:52,80
DA:53,80
DA:54,80
DA:55,33
DA:58,33
DA:59,33
DA:60,33
DA:61,30
DA:62,3
DA:63,33
DA:64,33
DA:67,33
DA:68,33
DA:69,10
DA:70,10
DA:71,10
DA:72,10
DA:73,10
DA:74,10
DA:75,10
DA:76,10
DA:77,10
DA:80,32
DA:81,2
DA:84,2
DA:85,2
DA:86,2
DA:87,2
DA:88,2
DA:89,2
DA:91,2
DA:92,2
DA:93,2
DA:94,2
DA:95,2
DA:96,2
DA:97,2
DA:98,2
DA:99,2
DA:102,23
DA:104,20
DA:105,20
DA:106,20
DA:107,20
DA:108,20
DA:109,20
DA:110,20
DA:112,20
DA:113,0
DA:115,0
DA:116,0
DA:117,0
DA:118,0
DA:119,0
DA:120,0
DA:121,0
DA:122,0
DA:123,0
DA:124,20
DA:127,21
DA:128,21
DA:129,21
DA:130,21
DA:131,21
DA:132,21
DA:133,21
DA:134,21
DA:135,21
DA:140,1
DA:141,80
DA:142,80
DA:143,80
DA:144,80
DA:145,80
DA:146,448
DA:147,3760
DA:148,3760
DA:149,94
DA:150,3760
DA:151,94
DA:152,94
DA:153,3760
DA:154,448
DA:155,80
DA:156,80
DA:161,1
DA:162,0
DA:167,0
DA:168,0
DA:170,0
DA:171,0
DA:172,0
DA:173,0
DA:174,0
DA:175,0
DA:176,0
DA:178,0
DA:179,0
DA:180,0
DA:181,0
DA:182,0
DA:183,0
DA:186,0
DA:187,0
DA:188,0
DA:189,0
DA:190,0
DA:191,0
DA:192,0
DA:194,0
DA:195,0
DA:197,0
DA:198,0
DA:199,0
DA:200,0
DA:201,0
DA:202,0
DA:203,0
DA:205,0
DA:206,0
DA:207,0
DA:209,0
DA:210,0
DA:212,0
DA:213,0
DA:214,0
DA:215,0
DA:217,0
DA:218,0
DA:219,0
DA:220,0
DA:222,0
DA:223,0
DA:224,0
DA:225,0
DA:226,0
DA:227,0
DA:229,0
DA:230,0
DA:231,0
DA:232,0
DA:233,0
DA:234,0
DA:239,1
DA:240,0
DA:241,0
DA:242,0
DA:243,0
DA:244,0
DA:245,0
DA:246,0
DA:247,0
DA:248,0
DA:249,0
DA:250,0
DA:251,0
DA:252,0
DA:253,0
DA:258,1
DA:259,0
DA:260,0
DA:265,0
DA:266,0
DA:267,0
DA:268,0
DA:270,0
DA:271,0
DA:273,0
DA:274,0
DA:275,0
DA:276,0
DA:277,0
DA:278,0
DA:279,0
DA:281,0
DA:282,0
DA:283,0
DA:284,0
DA:285,0
DA:286,0
DA:287,0
DA:289,0
DA:290,0
DA:291,0
DA:292,0
DA:295,0
DA:296,0
DA:297,0
DA:298,0
DA:299,0
DA:300,0
DA:301,0
DA:302,0
DA:304,0
DA:305,0
DA:306,0
DA:307,0
DA:309,0
DA:310,0
DA:311,0
DA:312,0
DA:313,0
DA:314,0
DA:319,1
DA:320,1
DA:321,1
DA:322,1
DA:323,1
DA:324,0
DA:325,0
DA:326,0
DA:327,0
DA:329,0
DA:330,1
DA:331,1
DA:332,1
DA:333,1
DA:334,1
DA:335,0
DA:336,0
DA:337,0
DA:338,0
DA:340,0
DA:341,0
DA:342,0
DA:343,0
DA:344,0
DA:345,1
DA:346,1
DA:351,1
DA:352,0
DA:353,0
DA:354,0
DA:358,0
DA:359,0
DA:360,0
DA:361,0
DA:362,0
DA:363,0
DA:364,0
DA:365,0
DA:366,0
DA:367,0
DA:368,0
DA:373,1
DA:374,0
DA:375,0
DA:376,0
DA:378,0
DA:379,0
DA:380,0
DA:381,0
DA:382,0
DA:383,0
DA:385,0
DA:386,0
DA:387,0
DA:388,0
DA:390,0
DA:391,0
LF:278
LH:110
BRDA:33,0,0,33
BRDA:60,1,0,30
BRDA:61,2,0,3
BRDA:68,3,0,10
BRDA:77,4,0,32
BRDA:77,5,0,23
BRDA:80,6,0,2
BRDA:81,7,0,0
BRDA:99,8,0,29
BRDA:99,9,0,23
BRDA:99,10,0,21
BRDA:102,11,0,20
BRDA:112,12,0,0
BRDA:124,13,0,21
BRDA:36,14,0,80
BRDA:40,15,0,80
BRDA:85,16,0,4
BRDA:105,17,0,49
BRDA:109,18,0,49
BRDA:109,19,0,2
BRDA:140,20,0,80
BRDA:145,21,0,448
BRDA:146,22,0,3760
BRDA:148,23,0,94
BRDA:150,24,0,94
BRF:25
BRH:23
end_of_record
TN:
SF:src/utils/__tests__/testHelpers.ts
FN:15,createTestGameState
FN:53,createTestBoard
FN:60,placeTestOrb
FN:84,createBoardWithOrbs
FN:112,createMockRng
FN:124,createFixedRng
FN:131,createTestPlayerConfigs
FN:141,createTestAiPlayerConfigs
FN:157,createLateGameState
FN:178,createNearCriticalGameState
FNF:10
FNH:1
FNDA:45,createTestGameState
FNDA:0,createTestBoard
FNDA:0,placeTestOrb
FNDA:0,createBoardWithOrbs
FNDA:0,createMockRng
FNDA:0,createFixedRng
FNDA:0,createTestPlayerConfigs
FNDA:0,createTestAiPlayerConfigs
FNDA:0,createLateGameState
FNDA:0,createNearCriticalGameState
DA:9,1
DA:10,1
DA:15,1
DA:21,45
DA:22,45
DA:23,45
DA:24,45
DA:25,45
DA:26,45
DA:27,45
DA:28,45
DA:29,45
DA:30,45
DA:31,45
DA:33,45
DA:34,45
DA:36,45
DA:37,45
DA:38,45
DA:39,45
DA:40,45
DA:41,45
DA:42,45
DA:43,45
DA:44,45
DA:45,45
DA:46,45
DA:47,45
DA:48,45
DA:53,1
DA:54,0
DA:55,0
DA:60,1
DA:61,0
DA:62,0
DA:63,0
DA:64,0
DA:65,0
DA:66,0
DA:67,0
DA:68,0
DA:69,0
DA:70,0
DA:72,0
DA:73,0
DA:74,0
DA:75,0
DA:76,0
DA:78,0
DA:79,0
DA:84,1
DA:85,0
DA:86,0
DA:87,0
DA:93,0
DA:94,0
DA:96,0
DA:97,0
DA:98,0
DA:99,0
DA:100,0
DA:101,0
DA:102,0
DA:103,0
DA:104,0
DA:106,0
DA:107,0
DA:112,1
DA:113,0
DA:114,0
DA:115,0
DA:116,0
DA:117,0
DA:118,0
DA:119,0
DA:124,1
DA:125,0
DA:126,0
DA:131,1
DA:132,0
DA:133,0
DA:134,0
DA:135,0
DA:136,0
DA:141,1
DA:142,0
DA:144,0
DA:145,0
DA:146,0
DA:147,0
DA:148,0
DA:149,0
DA:150,0
DA:151,0
DA:152,0
DA:157,1
DA:158,0
DA:161,0
DA:162,0
DA:164,0
DA:165,0
DA:166,0
DA:167,0
DA:168,0
DA:169,0
DA:170,0
DA:172,0
DA:173,0
DA:178,1
DA:179,0
DA:182,0
DA:183,0
DA:184,0
DA:185,0
DA:186,0
DA:188,0
DA:189,0
DA:190,0
DA:191,0
DA:192,0
DA:194,0
DA:195,0
LF:122
LH:38
BRDA:15,0,0,45
BRDA:31,1,0,41
BRDA:34,2,0,90
BRF:3
BRH:3
end_of_record
